D:\BAIJIE\SOFTWARE\DEV\UILIB\SKIARENDER\RELEASE\ANIMATOR.LIB
D:\BAIJIE\SOFTWARE\DEV\UILIB\SKIARENDER\RELEASE\ANIMATOR.PDB
D:\Baijie\software\dev\UILib\SkiaRender\skia-lib\project\animator\..\..\..\Release\animator.lib
D:\Baijie\software\dev\UILib\SkiaRender\skia-lib\project\animator\Release\cl.command.1.tlog
D:\Baijie\software\dev\UILib\SkiaRender\skia-lib\project\animator\Release\CL.read.1.tlog
D:\Baijie\software\dev\UILib\SkiaRender\skia-lib\project\animator\Release\CL.write.1.tlog
D:\Baijie\software\dev\UILib\SkiaRender\skia-lib\project\animator\Release\lib.command.1.tlog
D:\Baijie\software\dev\UILib\SkiaRender\skia-lib\project\animator\Release\Lib-link.read.1.tlog
D:\Baijie\software\dev\UILib\SkiaRender\skia-lib\project\animator\Release\Lib-link.write.1.tlog
D:\BAIJIE\SOFTWARE\DEV\UILIB\SKIARENDER\SKIA-LIB\PROJECT\ANIMATOR\RELEASE\SKANIMATEACTIVE.OBJ
D:\BAIJIE\SOFTWARE\DEV\UILIB\SKIARENDER\SKIA-LIB\PROJECT\ANIMATOR\RELEASE\SKANIMATEBASE.OBJ
D:\BAIJIE\SOFTWARE\DEV\UILIB\SKIARENDER\SKIA-LIB\PROJECT\ANIMATOR\RELEASE\SKANIMATEFIELD.OBJ
D:\BAIJIE\SOFTWARE\DEV\UILIB\SKIARENDER\SKIA-LIB\PROJECT\ANIMATOR\RELEASE\SKANIMATEMAKER.OBJ
D:\BAIJIE\SOFTWARE\DEV\UILIB\SKIARENDER\SKIA-LIB\PROJECT\ANIMATOR\RELEASE\SKANIMATESET.OBJ
D:\BAIJIE\SOFTWARE\DEV\UILIB\SKIARENDER\SKIA-LIB\PROJECT\ANIMATOR\RELEASE\SKANIMATOR.OBJ
D:\BAIJIE\SOFTWARE\DEV\UILIB\SKIARENDER\SKIA-LIB\PROJECT\ANIMATOR\RELEASE\SKANIMATORSCRIPT.OBJ
D:\BAIJIE\SOFTWARE\DEV\UILIB\SKIARENDER\SKIA-LIB\PROJECT\ANIMATOR\RELEASE\SKBASE64.OBJ
D:\BAIJIE\SOFTWARE\DEV\UILIB\SKIARENDER\SKIA-LIB\PROJECT\ANIMATOR\RELEASE\SKBOUNDABLE.OBJ
D:\BAIJIE\SOFTWARE\DEV\UILIB\SKIARENDER\SKIA-LIB\PROJECT\ANIMATOR\RELEASE\SKBUILDCONDENSEDINFO.OBJ
D:\BAIJIE\SOFTWARE\DEV\UILIB\SKIARENDER\SKIA-LIB\PROJECT\ANIMATOR\RELEASE\SKDISPLAYABLE.OBJ
D:\BAIJIE\SOFTWARE\DEV\UILIB\SKIARENDER\SKIA-LIB\PROJECT\ANIMATOR\RELEASE\SKDISPLAYADD.OBJ
D:\BAIJIE\SOFTWARE\DEV\UILIB\SKIARENDER\SKIA-LIB\PROJECT\ANIMATOR\RELEASE\SKDISPLAYAPPLY.OBJ
D:\BAIJIE\SOFTWARE\DEV\UILIB\SKIARENDER\SKIA-LIB\PROJECT\ANIMATOR\RELEASE\SKDISPLAYBOUNDS.OBJ
D:\BAIJIE\SOFTWARE\DEV\UILIB\SKIARENDER\SKIA-LIB\PROJECT\ANIMATOR\RELEASE\SKDISPLAYEVENT.OBJ
D:\BAIJIE\SOFTWARE\DEV\UILIB\SKIARENDER\SKIA-LIB\PROJECT\ANIMATOR\RELEASE\SKDISPLAYEVENTS.OBJ
D:\BAIJIE\SOFTWARE\DEV\UILIB\SKIARENDER\SKIA-LIB\PROJECT\ANIMATOR\RELEASE\SKDISPLAYINCLUDE.OBJ
D:\BAIJIE\SOFTWARE\DEV\UILIB\SKIARENDER\SKIA-LIB\PROJECT\ANIMATOR\RELEASE\SKDISPLAYINPUT.OBJ
D:\BAIJIE\SOFTWARE\DEV\UILIB\SKIARENDER\SKIA-LIB\PROJECT\ANIMATOR\RELEASE\SKDISPLAYLIST.OBJ
D:\BAIJIE\SOFTWARE\DEV\UILIB\SKIARENDER\SKIA-LIB\PROJECT\ANIMATOR\RELEASE\SKDISPLAYMATH.OBJ
D:\BAIJIE\SOFTWARE\DEV\UILIB\SKIARENDER\SKIA-LIB\PROJECT\ANIMATOR\RELEASE\SKDISPLAYMOVIE.OBJ
D:\BAIJIE\SOFTWARE\DEV\UILIB\SKIARENDER\SKIA-LIB\PROJECT\ANIMATOR\RELEASE\SKDISPLAYNUMBER.OBJ
D:\BAIJIE\SOFTWARE\DEV\UILIB\SKIARENDER\SKIA-LIB\PROJECT\ANIMATOR\RELEASE\SKDISPLAYPOST.OBJ
D:\BAIJIE\SOFTWARE\DEV\UILIB\SKIARENDER\SKIA-LIB\PROJECT\ANIMATOR\RELEASE\SKDISPLAYRANDOM.OBJ
D:\BAIJIE\SOFTWARE\DEV\UILIB\SKIARENDER\SKIA-LIB\PROJECT\ANIMATOR\RELEASE\SKDISPLAYSCREENPLAY.OBJ
D:\BAIJIE\SOFTWARE\DEV\UILIB\SKIARENDER\SKIA-LIB\PROJECT\ANIMATOR\RELEASE\SKDISPLAYTYPE.OBJ
D:\BAIJIE\SOFTWARE\DEV\UILIB\SKIARENDER\SKIA-LIB\PROJECT\ANIMATOR\RELEASE\SKDISPLAYTYPES.OBJ
D:\BAIJIE\SOFTWARE\DEV\UILIB\SKIARENDER\SKIA-LIB\PROJECT\ANIMATOR\RELEASE\SKDISPLAYXMLPARSER.OBJ
D:\BAIJIE\SOFTWARE\DEV\UILIB\SKIARENDER\SKIA-LIB\PROJECT\ANIMATOR\RELEASE\SKDRAW3D.OBJ
D:\BAIJIE\SOFTWARE\DEV\UILIB\SKIARENDER\SKIA-LIB\PROJECT\ANIMATOR\RELEASE\SKDRAWABLE.OBJ
D:\BAIJIE\SOFTWARE\DEV\UILIB\SKIARENDER\SKIA-LIB\PROJECT\ANIMATOR\RELEASE\SKDRAWBITMAP.OBJ
D:\BAIJIE\SOFTWARE\DEV\UILIB\SKIARENDER\SKIA-LIB\PROJECT\ANIMATOR\RELEASE\SKDRAWBLUR.OBJ
D:\BAIJIE\SOFTWARE\DEV\UILIB\SKIARENDER\SKIA-LIB\PROJECT\ANIMATOR\RELEASE\SKDRAWCLIP.OBJ
D:\BAIJIE\SOFTWARE\DEV\UILIB\SKIARENDER\SKIA-LIB\PROJECT\ANIMATOR\RELEASE\SKDRAWCOLOR.OBJ
D:\BAIJIE\SOFTWARE\DEV\UILIB\SKIARENDER\SKIA-LIB\PROJECT\ANIMATOR\RELEASE\SKDRAWDASH.OBJ
D:\BAIJIE\SOFTWARE\DEV\UILIB\SKIARENDER\SKIA-LIB\PROJECT\ANIMATOR\RELEASE\SKDRAWDISCRETE.OBJ
D:\BAIJIE\SOFTWARE\DEV\UILIB\SKIARENDER\SKIA-LIB\PROJECT\ANIMATOR\RELEASE\SKDRAWEMBOSS.OBJ
D:\BAIJIE\SOFTWARE\DEV\UILIB\SKIARENDER\SKIA-LIB\PROJECT\ANIMATOR\RELEASE\SKDRAWEXTRAPATHEFFECT.OBJ
D:\BAIJIE\SOFTWARE\DEV\UILIB\SKIARENDER\SKIA-LIB\PROJECT\ANIMATOR\RELEASE\SKDRAWFULL.OBJ
D:\BAIJIE\SOFTWARE\DEV\UILIB\SKIARENDER\SKIA-LIB\PROJECT\ANIMATOR\RELEASE\SKDRAWGRADIENT.OBJ
D:\BAIJIE\SOFTWARE\DEV\UILIB\SKIARENDER\SKIA-LIB\PROJECT\ANIMATOR\RELEASE\SKDRAWGROUP.OBJ
D:\BAIJIE\SOFTWARE\DEV\UILIB\SKIARENDER\SKIA-LIB\PROJECT\ANIMATOR\RELEASE\SKDRAWLINE.OBJ
D:\BAIJIE\SOFTWARE\DEV\UILIB\SKIARENDER\SKIA-LIB\PROJECT\ANIMATOR\RELEASE\SKDRAWMATRIX.OBJ
D:\BAIJIE\SOFTWARE\DEV\UILIB\SKIARENDER\SKIA-LIB\PROJECT\ANIMATOR\RELEASE\SKDRAWOVAL.OBJ
D:\BAIJIE\SOFTWARE\DEV\UILIB\SKIARENDER\SKIA-LIB\PROJECT\ANIMATOR\RELEASE\SKDRAWPAINT.OBJ
D:\BAIJIE\SOFTWARE\DEV\UILIB\SKIARENDER\SKIA-LIB\PROJECT\ANIMATOR\RELEASE\SKDRAWPATH.OBJ
D:\BAIJIE\SOFTWARE\DEV\UILIB\SKIARENDER\SKIA-LIB\PROJECT\ANIMATOR\RELEASE\SKDRAWPOINT.OBJ
D:\BAIJIE\SOFTWARE\DEV\UILIB\SKIARENDER\SKIA-LIB\PROJECT\ANIMATOR\RELEASE\SKDRAWRECTANGLE.OBJ
D:\BAIJIE\SOFTWARE\DEV\UILIB\SKIARENDER\SKIA-LIB\PROJECT\ANIMATOR\RELEASE\SKDRAWSAVELAYER.OBJ
D:\BAIJIE\SOFTWARE\DEV\UILIB\SKIARENDER\SKIA-LIB\PROJECT\ANIMATOR\RELEASE\SKDRAWSHADER.OBJ
D:\BAIJIE\SOFTWARE\DEV\UILIB\SKIARENDER\SKIA-LIB\PROJECT\ANIMATOR\RELEASE\SKDRAWTEXT.OBJ
D:\BAIJIE\SOFTWARE\DEV\UILIB\SKIARENDER\SKIA-LIB\PROJECT\ANIMATOR\RELEASE\SKDRAWTEXTBOX.OBJ
D:\BAIJIE\SOFTWARE\DEV\UILIB\SKIARENDER\SKIA-LIB\PROJECT\ANIMATOR\RELEASE\SKDRAWTO.OBJ
D:\BAIJIE\SOFTWARE\DEV\UILIB\SKIARENDER\SKIA-LIB\PROJECT\ANIMATOR\RELEASE\SKDRAWTRANSPARENTSHADER.OBJ
D:\BAIJIE\SOFTWARE\DEV\UILIB\SKIARENDER\SKIA-LIB\PROJECT\ANIMATOR\RELEASE\SKDUMP.OBJ
D:\BAIJIE\SOFTWARE\DEV\UILIB\SKIARENDER\SKIA-LIB\PROJECT\ANIMATOR\RELEASE\SKGETCONDENSEDINFO.OBJ
D:\BAIJIE\SOFTWARE\DEV\UILIB\SKIARENDER\SKIA-LIB\PROJECT\ANIMATOR\RELEASE\SKHITCLEAR.OBJ
D:\BAIJIE\SOFTWARE\DEV\UILIB\SKIARENDER\SKIA-LIB\PROJECT\ANIMATOR\RELEASE\SKHITTEST.OBJ
D:\BAIJIE\SOFTWARE\DEV\UILIB\SKIARENDER\SKIA-LIB\PROJECT\ANIMATOR\RELEASE\SKMATRIXPARTS.OBJ
D:\BAIJIE\SOFTWARE\DEV\UILIB\SKIARENDER\SKIA-LIB\PROJECT\ANIMATOR\RELEASE\SKMEMBERINFO.OBJ
D:\BAIJIE\SOFTWARE\DEV\UILIB\SKIARENDER\SKIA-LIB\PROJECT\ANIMATOR\RELEASE\SKOPARRAY.OBJ
D:\BAIJIE\SOFTWARE\DEV\UILIB\SKIARENDER\SKIA-LIB\PROJECT\ANIMATOR\RELEASE\SKOPERANDITERPOLATOR.OBJ
D:\BAIJIE\SOFTWARE\DEV\UILIB\SKIARENDER\SKIA-LIB\PROJECT\ANIMATOR\RELEASE\SKPAINTPARTS.OBJ
D:\BAIJIE\SOFTWARE\DEV\UILIB\SKIARENDER\SKIA-LIB\PROJECT\ANIMATOR\RELEASE\SKPARSESVGPATH.OBJ
D:\BAIJIE\SOFTWARE\DEV\UILIB\SKIARENDER\SKIA-LIB\PROJECT\ANIMATOR\RELEASE\SKPATHPARTS.OBJ
D:\BAIJIE\SOFTWARE\DEV\UILIB\SKIARENDER\SKIA-LIB\PROJECT\ANIMATOR\RELEASE\SKPOSTPARTS.OBJ
D:\BAIJIE\SOFTWARE\DEV\UILIB\SKIARENDER\SKIA-LIB\PROJECT\ANIMATOR\RELEASE\SKSCRIPT.OBJ
D:\BAIJIE\SOFTWARE\DEV\UILIB\SKIARENDER\SKIA-LIB\PROJECT\ANIMATOR\RELEASE\SKSCRIPTDECOMPILE.OBJ
D:\BAIJIE\SOFTWARE\DEV\UILIB\SKIARENDER\SKIA-LIB\PROJECT\ANIMATOR\RELEASE\SKSCRIPTRUNTIME.OBJ
D:\BAIJIE\SOFTWARE\DEV\UILIB\SKIARENDER\SKIA-LIB\PROJECT\ANIMATOR\RELEASE\SKSCRIPTTOKENIZER.OBJ
D:\BAIJIE\SOFTWARE\DEV\UILIB\SKIARENDER\SKIA-LIB\PROJECT\ANIMATOR\RELEASE\SKSNAPSHOT.OBJ
D:\BAIJIE\SOFTWARE\DEV\UILIB\SKIARENDER\SKIA-LIB\PROJECT\ANIMATOR\RELEASE\SKTEXTONPATH.OBJ
D:\BAIJIE\SOFTWARE\DEV\UILIB\SKIARENDER\SKIA-LIB\PROJECT\ANIMATOR\RELEASE\SKTEXTTOPATH.OBJ
D:\BAIJIE\SOFTWARE\DEV\UILIB\SKIARENDER\SKIA-LIB\PROJECT\ANIMATOR\RELEASE\SKTIME.OBJ
D:\BAIJIE\SOFTWARE\DEV\UILIB\SKIARENDER\SKIA-LIB\PROJECT\ANIMATOR\RELEASE\SKTYPEDARRAY.OBJ
D:\BAIJIE\SOFTWARE\DEV\UILIB\SKIARENDER\SKIA-LIB\PROJECT\ANIMATOR\RELEASE\SKXMLANIMATORWRITER.OBJ
D:\BAIJIE\SOFTWARE\DEV\UILIB\SKIARENDER\SKIA-LIB\PROJECT\RELEASE\ANIMATOR.PDB
