生成启动时间为 2013/12/16 18:04:13。
     1>项目“D:\Baijie\software\dev\UILib\SkiaRender\skia-lib\project\animator\animator.vcxproj”在节点 4 上(build 个目标)。
     1>InitializeBuildStatus:
         正在创建“Release\animator.unsuccessfulbuild”，因为已指定“AlwaysCreate”。
       ClCompile:
         C:\Program Files\Microsoft Visual Studio 10.0\VC\bin\CL.exe /c /Zi /nologo /W1 /WX- /O2 /Oi /Oy- /GL /D SK_CAN_USE_FLOAT /D SK_SCALAR_IS_FLOAT /D SK_BUILD_FOR_WIN32 /D SK_IGNORE_STDINT_DOT_H /Gm- /EHsc /MD /GS /Gy /fp:precise /Zc:wchar_t /Zc:forScope /Fo"Release\\" /Fd"D:\Baijie\software\dev\UILib\SkiaRender\skia-lib\project\Release\animator.pdb" /Gd /TP /analyze- /errorReport:prompt ..\..\src\animator\SkAnimateActive.cpp ..\..\src\animator\SkAnimateBase.cpp ..\..\src\animator\SkAnimateField.cpp ..\..\src\animator\SkAnimateMaker.cpp ..\..\src\animator\SkAnimateSet.cpp ..\..\src\animator\SkAnimator.cpp ..\..\src\animator\SkAnimatorScript.cpp ..\..\src\animator\SkBase64.cpp ..\..\src\animator\SkBoundable.cpp ..\..\src\animator\SkBuildCondensedInfo.cpp ..\..\src\animator\SkDisplayable.cpp ..\..\src\animator\SkDisplayAdd.cpp ..\..\src\animator\SkDisplayApply.cpp ..\..\src\animator\SkDisplayBounds.cpp ..\..\src\animator\SkDisplayEvent.cpp ..\..\src\animator\SkDisplayEvents.cpp ..\..\src\animator\SkDisplayInclude.cpp ..\..\src\animator\SkDisplayInput.cpp ..\..\src\animator\SkDisplayList.cpp ..\..\src\animator\SkDisplayMath.cpp ..\..\src\animator\SkDisplayMovie.cpp ..\..\src\animator\SkDisplayNumber.cpp ..\..\src\animator\SkDisplayPost.cpp ..\..\src\animator\SkDisplayRandom.cpp ..\..\src\animator\SkDisplayScreenplay.cpp ..\..\src\animator\SkDisplayType.cpp ..\..\src\animator\SkDisplayTypes.cpp ..\..\src\animator\SkDisplayXMLParser.cpp ..\..\src\animator\SkDraw3D.cpp ..\..\src\animator\SkDrawable.cpp ..\..\src\animator\SkDrawBitmap.cpp ..\..\src\animator\SkDrawBlur.cpp ..\..\src\animator\SkDrawClip.cpp ..\..\src\animator\SkDrawColor.cpp ..\..\src\animator\SkDrawDash.cpp ..\..\src\animator\SkDrawDiscrete.cpp ..\..\src\animator\SkDrawEmboss.cpp ..\..\src\animator\SkDrawExtraPathEffect.cpp ..\..\src\animator\SkDrawFull.cpp ..\..\src\animator\SkDrawGradient.cpp ..\..\src\animator\SkDrawGroup.cpp ..\..\src\animator\SkDrawLine.cpp ..\..\src\animator\SkDrawMatrix.cpp ..\..\src\animator\SkDrawOval.cpp ..\..\src\animator\SkDrawPaint.cpp ..\..\src\animator\SkDrawPath.cpp ..\..\src\animator\SkDrawPoint.cpp ..\..\src\animator\SkDrawRectangle.cpp ..\..\src\animator\SkDrawSaveLayer.cpp ..\..\src\animator\SkDrawShader.cpp ..\..\src\animator\SkDrawText.cpp ..\..\src\animator\SkDrawTextBox.cpp ..\..\src\animator\SkDrawTo.cpp ..\..\src\animator\SkDrawTransparentShader.cpp ..\..\src\animator\SkDump.cpp ..\..\src\animator\SkGetCondensedInfo.cpp ..\..\src\animator\SkHitClear.cpp ..\..\src\animator\SkHitTest.cpp ..\..\src\animator\SkMatrixParts.cpp ..\..\src\animator\SkMemberInfo.cpp ..\..\src\animator\SkOpArray.cpp ..\..\src\animator\SkOperandIterpolator.cpp ..\..\src\animator\SkPaintParts.cpp ..\..\src\animator\SkParseSVGPath.cpp ..\..\src\animator\SkPathParts.cpp ..\..\src\animator\SkPostParts.cpp ..\..\src\animator\SkScript.cpp ..\..\src\animator\SkScriptDecompile.cpp ..\..\src\animator\SkScriptRuntime.cpp ..\..\src\animator\SkScriptTokenizer.cpp ..\..\src\animator\SkSnapshot.cpp ..\..\src\animator\SkTextOnPath.cpp ..\..\src\animator\SkTextToPath.cpp ..\..\src\animator\SkTime.cpp ..\..\src\animator\SkTypedArray.cpp ..\..\src\animator\SkXMLAnimatorWriter.cpp
         SkAnimateActive.cpp
         SkAnimateBase.cpp
         SkAnimateField.cpp
         SkAnimateMaker.cpp
         SkAnimateSet.cpp
         SkAnimator.cpp
         SkAnimatorScript.cpp
         SkBase64.cpp
         SkBoundable.cpp
         SkBuildCondensedInfo.cpp
         SkDisplayable.cpp
         SkDisplayAdd.cpp
         SkDisplayApply.cpp
         SkDisplayBounds.cpp
         SkDisplayEvent.cpp
         SkDisplayEvents.cpp
         SkDisplayInclude.cpp
         SkDisplayInput.cpp
         SkDisplayList.cpp
         SkDisplayMath.cpp
         正在编译...
         SkDisplayMovie.cpp
         SkDisplayNumber.cpp
         SkDisplayPost.cpp
         SkDisplayRandom.cpp
         SkDisplayScreenplay.cpp
         SkDisplayType.cpp
         SkDisplayTypes.cpp
         SkDisplayXMLParser.cpp
         SkDraw3D.cpp
         SkDrawable.cpp
         SkDrawBitmap.cpp
         SkDrawBlur.cpp
         SkDrawClip.cpp
         SkDrawColor.cpp
         SkDrawDash.cpp
         SkDrawDiscrete.cpp
         SkDrawEmboss.cpp
         SkDrawExtraPathEffect.cpp
         SkDrawFull.cpp
         SkDrawGradient.cpp
         正在编译...
         SkDrawGroup.cpp
         SkDrawLine.cpp
         SkDrawMatrix.cpp
         SkDrawOval.cpp
         SkDrawPaint.cpp
         SkDrawPath.cpp
         SkDrawPoint.cpp
         SkDrawRectangle.cpp
         SkDrawSaveLayer.cpp
         SkDrawShader.cpp
         SkDrawText.cpp
         SkDrawTextBox.cpp
         SkDrawTo.cpp
         SkDrawTransparentShader.cpp
         SkDump.cpp
         SkGetCondensedInfo.cpp
         SkHitClear.cpp
         SkHitTest.cpp
         SkMatrixParts.cpp
         SkMemberInfo.cpp
         正在编译...
         SkOpArray.cpp
         SkOperandIterpolator.cpp
         SkPaintParts.cpp
         SkParseSVGPath.cpp
         SkPathParts.cpp
         SkPostParts.cpp
         SkScript.cpp
         SkScriptDecompile.cpp
         SkScriptRuntime.cpp
         SkScriptTokenizer.cpp
         SkSnapshot.cpp
         SkTextOnPath.cpp
         SkTextToPath.cpp
         SkTime.cpp
         SkTypedArray.cpp
         SkXMLAnimatorWriter.cpp
       Lib:
         C:\Program Files\Microsoft Visual Studio 10.0\VC\bin\Lib.exe /OUT:"..\..\..\Release\animator.lib" /NOLOGO /LTCG Release\SkAnimateActive.obj
         Release\SkAnimateBase.obj
         Release\SkAnimateField.obj
         Release\SkAnimateMaker.obj
         Release\SkAnimateSet.obj
         Release\SkAnimator.obj
         Release\SkAnimatorScript.obj
         Release\SkBase64.obj
         Release\SkBoundable.obj
         Release\SkBuildCondensedInfo.obj
         Release\SkDisplayable.obj
         Release\SkDisplayAdd.obj
         Release\SkDisplayApply.obj
         Release\SkDisplayBounds.obj
         Release\SkDisplayEvent.obj
         Release\SkDisplayEvents.obj
         Release\SkDisplayInclude.obj
         Release\SkDisplayInput.obj
         Release\SkDisplayList.obj
         Release\SkDisplayMath.obj
         Release\SkDisplayMovie.obj
         Release\SkDisplayNumber.obj
         Release\SkDisplayPost.obj
         Release\SkDisplayRandom.obj
         Release\SkDisplayScreenplay.obj
         Release\SkDisplayType.obj
         Release\SkDisplayTypes.obj
         Release\SkDisplayXMLParser.obj
         Release\SkDraw3D.obj
         Release\SkDrawable.obj
         Release\SkDrawBitmap.obj
         Release\SkDrawBlur.obj
         Release\SkDrawClip.obj
         Release\SkDrawColor.obj
         Release\SkDrawDash.obj
         Release\SkDrawDiscrete.obj
         Release\SkDrawEmboss.obj
         Release\SkDrawExtraPathEffect.obj
         Release\SkDrawFull.obj
         Release\SkDrawGradient.obj
         Release\SkDrawGroup.obj
         Release\SkDrawLine.obj
         Release\SkDrawMatrix.obj
         Release\SkDrawOval.obj
         Release\SkDrawPaint.obj
         Release\SkDrawPath.obj
         Release\SkDrawPoint.obj
         Release\SkDrawRectangle.obj
         Release\SkDrawSaveLayer.obj
         Release\SkDrawShader.obj
         Release\SkDrawText.obj
         Release\SkDrawTextBox.obj
         Release\SkDrawTo.obj
         Release\SkDrawTransparentShader.obj
         Release\SkDump.obj
         Release\SkGetCondensedInfo.obj
         Release\SkHitClear.obj
         Release\SkHitTest.obj
         Release\SkMatrixParts.obj
         Release\SkMemberInfo.obj
         Release\SkOpArray.obj
         Release\SkOperandIterpolator.obj
         Release\SkPaintParts.obj
         Release\SkParseSVGPath.obj
         Release\SkPathParts.obj
         Release\SkPostParts.obj
         Release\SkScript.obj
         Release\SkScriptDecompile.obj
         Release\SkScriptRuntime.obj
         Release\SkScriptTokenizer.obj
         Release\SkSnapshot.obj
         Release\SkTextOnPath.obj
         Release\SkTextToPath.obj
         Release\SkTime.obj
         Release\SkTypedArray.obj
         Release\SkXMLAnimatorWriter.obj
         animator.vcxproj -> D:\Baijie\software\dev\UILib\SkiaRender\skia-lib\project\animator\..\..\..\Release\animator.lib
       FinalizeBuildStatus:
         正在删除文件“Release\animator.unsuccessfulbuild”。
         正在对“Release\animator.lastbuildstate”执行 Touch 任务。
     1>已完成生成项目“D:\Baijie\software\dev\UILib\SkiaRender\skia-lib\project\animator\animator.vcxproj”(build 个目标)的操作。

生成成功。

已用时间 00:00:55.31
