D:\BAIJIE\SOFTWARE\DEV\UILIB\IMAGEFACTORY\LIB\DEBUG\DCR.PDB
D:\Baijie\software\dev\UILib\ImageFactory\raw\..\lib\Debug\libdcr.lib
D:\BAIJIE\SOFTWARE\DEV\UILIB\IMAGEFACTORY\RAW\DDCR.EXE
D:\BAIJIE\SOFTWARE\DEV\UILIB\IMAGEFACTORY\RAW\DDCR.ILK
D:\Baijie\software\dev\UILib\ImageFactory\raw\Debug\cl.command.1.tlog
D:\Baijie\software\dev\UILib\ImageFactory\raw\Debug\CL.read.1.tlog
D:\Baijie\software\dev\UILib\ImageFactory\raw\Debug\CL.write.1.tlog
D:\BAIJIE\SOFTWARE\DEV\UILIB\IMAGEFACTORY\RAW\DEBUG\DCR.EXE.EMBED.MANIFEST
D:\BAIJIE\SOFTWARE\DEV\UILIB\IMAGEFACTORY\RAW\DEBUG\DCR.EXE.EMBED.MANIFEST.RES
D:\BAIJIE\SOFTWARE\DEV\UILIB\IMAGEFACTORY\RAW\DEBUG\DCR.EXE.INTERMEDIATE.MANIFEST
D:\BAIJIE\SOFTWARE\DEV\UILIB\IMAGEFACTORY\RAW\DEBUG\DCR.OBJ
D:\Baijie\software\dev\UILib\ImageFactory\raw\Debug\dcr_manifest.rc
D:\Baijie\software\dev\UILib\ImageFactory\raw\Debug\lib.command.1.tlog
D:\BAIJIE\SOFTWARE\DEV\UILIB\IMAGEFACTORY\RAW\DEBUG\LIBDCR.LIB
D:\BAIJIE\SOFTWARE\DEV\UILIB\IMAGEFACTORY\RAW\DEBUG\LIBDCR.OBJ
D:\Baijie\software\dev\UILib\ImageFactory\raw\Debug\Lib-link.read.1.tlog
D:\Baijie\software\dev\UILib\ImageFactory\raw\Debug\Lib-link.write.1.tlog
D:\Baijie\software\dev\UILib\ImageFactory\raw\Debug\link.724.read.1.tlog
D:\Baijie\software\dev\UILib\ImageFactory\raw\Debug\link.724.write.1.tlog
D:\Baijie\software\dev\UILib\ImageFactory\raw\Debug\link.724-cvtres.read.1.tlog
D:\Baijie\software\dev\UILib\ImageFactory\raw\Debug\link.724-cvtres.write.1.tlog
D:\Baijie\software\dev\UILib\ImageFactory\raw\Debug\link.command.1.tlog
D:\Baijie\software\dev\UILib\ImageFactory\raw\Debug\link.read.1.tlog
D:\Baijie\software\dev\UILib\ImageFactory\raw\Debug\link.write.1.tlog
D:\Baijie\software\dev\UILib\ImageFactory\raw\Debug\link-cvtres.read.1.tlog
D:\Baijie\software\dev\UILib\ImageFactory\raw\Debug\link-cvtres.write.1.tlog
D:\Baijie\software\dev\UILib\ImageFactory\raw\Debug\mt.command.1.tlog
D:\Baijie\software\dev\UILib\ImageFactory\raw\Debug\mt.read.1.tlog
D:\Baijie\software\dev\UILib\ImageFactory\raw\Debug\mt.write.1.tlog
D:\Baijie\software\dev\UILib\ImageFactory\raw\Debug\rc.command.1.tlog
D:\Baijie\software\dev\UILib\ImageFactory\raw\Debug\rc.read.1.tlog
D:\Baijie\software\dev\UILib\ImageFactory\raw\Debug\rc.write.1.tlog
D:\Baijie\software\dev\UILib\ImageFactory\raw\Debug\vc100.idb
D:\BAIJIE\SOFTWARE\DEV\UILIB\IMAGEFACTORY\RAW\DEBUG\VC100.PDB
