D:\Baijie\software\dev\UILib\ImageFactory\mng\..\lib\Debug\mng.lib
D:\Baijie\software\dev\UILib\ImageFactory\mng\Debug\cl.command.1.tlog
D:\Baijie\software\dev\UILib\ImageFactory\mng\Debug\CL.read.1.tlog
D:\Baijie\software\dev\UILib\ImageFactory\mng\Debug\CL.write.1.tlog
D:\Baijie\software\dev\UILib\ImageFactory\mng\Debug\lib.command.1.tlog
D:\Baijie\software\dev\UILib\ImageFactory\mng\Debug\Lib-link.read.1.tlog
D:\Baijie\software\dev\UILib\ImageFactory\mng\Debug\Lib-link.write.1.tlog
D:\BAIJIE\SOFTWARE\DEV\UILIB\IMAGEFACTORY\MNG\DEBUG\LIBMNG_CALLBACK_XS.OBJ
D:\BAIJIE\SOFTWARE\DEV\UILIB\IMAGEFACTORY\MNG\DEBUG\LIBMNG_CHUNK_DESCR.OBJ
D:\BAIJIE\SOFTWARE\DEV\UILIB\IMAGEFACTORY\MNG\DEBUG\LIBMNG_CHUNK_IO.OBJ
D:\BAIJIE\SOFTWARE\DEV\UILIB\IMAGEFACTORY\MNG\DEBUG\LIBMNG_CHUNK_PRC.OBJ
D:\BAIJIE\SOFTWARE\DEV\UILIB\IMAGEFACTORY\MNG\DEBUG\LIBMNG_CHUNK_XS.OBJ
D:\BAIJIE\SOFTWARE\DEV\UILIB\IMAGEFACTORY\MNG\DEBUG\LIBMNG_CMS.OBJ
D:\BAIJIE\SOFTWARE\DEV\UILIB\IMAGEFACTORY\MNG\DEBUG\LIBMNG_DISPLAY.OBJ
D:\BAIJIE\SOFTWARE\DEV\UILIB\IMAGEFACTORY\MNG\DEBUG\LIBMNG_DITHER.OBJ
D:\BAIJIE\SOFTWARE\DEV\UILIB\IMAGEFACTORY\MNG\DEBUG\LIBMNG_ERROR.OBJ
D:\BAIJIE\SOFTWARE\DEV\UILIB\IMAGEFACTORY\MNG\DEBUG\LIBMNG_FILTER.OBJ
D:\BAIJIE\SOFTWARE\DEV\UILIB\IMAGEFACTORY\MNG\DEBUG\LIBMNG_HLAPI.OBJ
D:\BAIJIE\SOFTWARE\DEV\UILIB\IMAGEFACTORY\MNG\DEBUG\LIBMNG_JPEG.OBJ
D:\BAIJIE\SOFTWARE\DEV\UILIB\IMAGEFACTORY\MNG\DEBUG\LIBMNG_OBJECT_PRC.OBJ
D:\BAIJIE\SOFTWARE\DEV\UILIB\IMAGEFACTORY\MNG\DEBUG\LIBMNG_PIXELS.OBJ
D:\BAIJIE\SOFTWARE\DEV\UILIB\IMAGEFACTORY\MNG\DEBUG\LIBMNG_PROP_XS.OBJ
D:\BAIJIE\SOFTWARE\DEV\UILIB\IMAGEFACTORY\MNG\DEBUG\LIBMNG_READ.OBJ
D:\BAIJIE\SOFTWARE\DEV\UILIB\IMAGEFACTORY\MNG\DEBUG\LIBMNG_TRACE.OBJ
D:\BAIJIE\SOFTWARE\DEV\UILIB\IMAGEFACTORY\MNG\DEBUG\LIBMNG_WRITE.OBJ
D:\BAIJIE\SOFTWARE\DEV\UILIB\IMAGEFACTORY\MNG\DEBUG\LIBMNG_ZLIB.OBJ
D:\BAIJIE\SOFTWARE\DEV\UILIB\IMAGEFACTORY\MNG\DEBUG\MNG.LIB
D:\Baijie\software\dev\UILib\ImageFactory\mng\Debug\vc100.idb
D:\BAIJIE\SOFTWARE\DEV\UILIB\IMAGEFACTORY\MNG\DEBUG\VC100.PDB
