生成启动时间为 2014/2/8 19:10:50。
     1>项目“D:\Baijie\software\dev\UILib\ImageFactory\mng\mng.vcxproj”在节点 5 上(build 个目标)。
     1>InitializeBuildStatus:
         正在创建“.\Debug\mng.unsuccessfulbuild”，因为已指定“AlwaysCreate”。
       ClCompile:
         所有输出均为最新。
       Lib:
         所有输出均为最新。
         C:\Program Files (x86)\Microsoft Visual Studio 10.0\VC\bin\Lib.exe /OUT:"..\lib\debug\mng.lib" /NOLOGO .\Debug\libmng_callback_xs.obj
         .\Debug\libmng_chunk_descr.obj
         .\Debug\libmng_chunk_io.obj
         .\Debug\libmng_chunk_prc.obj
         .\Debug\libmng_chunk_xs.obj
         .\Debug\libmng_cms.obj
         .\Debug\libmng_display.obj
         .\Debug\libmng_dither.obj
         .\Debug\libmng_error.obj
         .\Debug\libmng_filter.obj
         .\Debug\libmng_hlapi.obj
         .\Debug\libmng_jpeg.obj
         .\Debug\libmng_object_prc.obj
         .\Debug\libmng_pixels.obj
         .\Debug\libmng_prop_xs.obj
         .\Debug\libmng_read.obj
         .\Debug\libmng_trace.obj
         .\Debug\libmng_write.obj
         .\Debug\libmng_zlib.obj
         mng.vcxproj -> D:\Baijie\software\dev\UILib\ImageFactory\mng\..\lib\Debug\mng.lib
       FinalizeBuildStatus:
         正在删除文件“.\Debug\mng.unsuccessfulbuild”。
         正在对“.\Debug\mng.lastbuildstate”执行 Touch 任务。
     1>已完成生成项目“D:\Baijie\software\dev\UILib\ImageFactory\mng\mng.vcxproj”(build 个目标)的操作。

生成成功。

已用时间 00:00:00.18
