生成启动时间为 2014/2/8 19:10:50。
     1>项目“D:\Baijie\software\dev\UILib\ImageFactory\jasper\jasper.vcxproj”在节点 5 上(build 个目标)。
     1>InitializeBuildStatus:
         正在创建“.\Debug\jasper.unsuccessfulbuild”，因为已指定“AlwaysCreate”。
       ClCompile:
         所有输出均为最新。
       Lib:
         所有输出均为最新。
         C:\Program Files (x86)\Microsoft Visual Studio 10.0\VC\bin\Lib.exe /OUT:"..\lib\debug\jasper.lib" /NOLOGO .\Debug\bmp_cod.obj
         .\Debug\bmp_dec.obj
         .\Debug\bmp_enc.obj
         .\Debug\jas_cm.obj
         .\Debug\jas_debug.obj
         .\Debug\jas_getopt.obj
         .\Debug\jas_icc.obj
         .\Debug\jas_iccdata.obj
         .\Debug\jas_image.obj
         .\Debug\jas_init.obj
         .\Debug\jas_malloc.obj
         .\Debug\jas_seq.obj
         .\Debug\jas_stream.obj
         .\Debug\jas_string.obj
         .\Debug\jas_tvp.obj
         .\Debug\jas_version.obj
         .\Debug\jp2_cod.obj
         .\Debug\jp2_dec.obj
         .\Debug\jp2_enc.obj
         .\Debug\jpc_bs.obj
         .\Debug\jpc_cs.obj
         .\Debug\jpc_dec.obj
         .\Debug\jpc_enc.obj
         .\Debug\jpc_math.obj
         .\Debug\jpc_mct.obj
         .\Debug\jpc_mqcod.obj
         .\Debug\jpc_mqdec.obj
         .\Debug\jpc_mqenc.obj
         .\Debug\jpc_qmfb.obj
         .\Debug\jpc_t1cod.obj
         .\Debug\jpc_t1dec.obj
         .\Debug\jpc_t1enc.obj
         .\Debug\jpc_t2cod.obj
         .\Debug\jpc_t2dec.obj
         .\Debug\jpc_t2enc.obj
         .\Debug\jpc_tagtree.obj
         .\Debug\jpc_tsfb.obj
         .\Debug\jpc_util.obj
         .\Debug\jpg_dummy.obj
         .\Debug\jpg_val.obj
         .\Debug\mif_cod.obj
         .\Debug\pgx_cod.obj
         .\Debug\pgx_dec.obj
         .\Debug\pgx_enc.obj
         .\Debug\pnm_cod.obj
         .\Debug\pnm_dec.obj
         .\Debug\pnm_enc.obj
         .\Debug\ras_cod.obj
         .\Debug\ras_dec.obj
         .\Debug\ras_enc.obj
         jasper.vcxproj -> D:\Baijie\software\dev\UILib\ImageFactory\jasper\..\lib\Debug\jasper.lib
       FinalizeBuildStatus:
         正在删除文件“.\Debug\jasper.unsuccessfulbuild”。
         正在对“.\Debug\jasper.lastbuildstate”执行 Touch 任务。
     1>已完成生成项目“D:\Baijie\software\dev\UILib\ImageFactory\jasper\jasper.vcxproj”(build 个目标)的操作。

生成成功。

已用时间 00:00:00.33
