D:\Baijie\software\dev\UILib\ImageFactory\jasper\..\lib\Debug\jasper.lib
D:\BAIJIE\SOFTWARE\DEV\UILIB\IMAGEFACTORY\JASPER\DEBUG\BMP_COD.OBJ
D:\BAIJIE\SOFTWARE\DEV\UILIB\IMAGEFACTORY\JASPER\DEBUG\BMP_DEC.OBJ
D:\BAIJIE\SOFTWARE\DEV\UILIB\IMAGEFACTORY\JASPER\DEBUG\BMP_ENC.OBJ
D:\Baijie\software\dev\UILib\ImageFactory\jasper\Debug\cl.command.1.tlog
D:\Baijie\software\dev\UILib\ImageFactory\jasper\Debug\CL.read.1.tlog
D:\Baijie\software\dev\UILib\ImageFactory\jasper\Debug\CL.write.1.tlog
D:\BAIJIE\SOFTWARE\DEV\UILIB\IMAGEFACTORY\JASPER\DEBUG\JAS_CM.OBJ
D:\BAIJIE\SOFTWARE\DEV\UILIB\IMAGEFACTORY\JASPER\DEBUG\JAS_DEBUG.OBJ
D:\BAIJIE\SOFTWARE\DEV\UILIB\IMAGEFACTORY\JASPER\DEBUG\JAS_GETOPT.OBJ
D:\BAIJIE\SOFTWARE\DEV\UILIB\IMAGEFACTORY\JASPER\DEBUG\JAS_ICC.OBJ
D:\BAIJIE\SOFTWARE\DEV\UILIB\IMAGEFACTORY\JASPER\DEBUG\JAS_ICCDATA.OBJ
D:\BAIJIE\SOFTWARE\DEV\UILIB\IMAGEFACTORY\JASPER\DEBUG\JAS_IMAGE.OBJ
D:\BAIJIE\SOFTWARE\DEV\UILIB\IMAGEFACTORY\JASPER\DEBUG\JAS_INIT.OBJ
D:\BAIJIE\SOFTWARE\DEV\UILIB\IMAGEFACTORY\JASPER\DEBUG\JAS_MALLOC.OBJ
D:\BAIJIE\SOFTWARE\DEV\UILIB\IMAGEFACTORY\JASPER\DEBUG\JAS_SEQ.OBJ
D:\BAIJIE\SOFTWARE\DEV\UILIB\IMAGEFACTORY\JASPER\DEBUG\JAS_STREAM.OBJ
D:\BAIJIE\SOFTWARE\DEV\UILIB\IMAGEFACTORY\JASPER\DEBUG\JAS_STRING.OBJ
D:\BAIJIE\SOFTWARE\DEV\UILIB\IMAGEFACTORY\JASPER\DEBUG\JAS_TVP.OBJ
D:\BAIJIE\SOFTWARE\DEV\UILIB\IMAGEFACTORY\JASPER\DEBUG\JAS_VERSION.OBJ
D:\BAIJIE\SOFTWARE\DEV\UILIB\IMAGEFACTORY\JASPER\DEBUG\JASPER.LIB
D:\BAIJIE\SOFTWARE\DEV\UILIB\IMAGEFACTORY\JASPER\DEBUG\JP2_COD.OBJ
D:\BAIJIE\SOFTWARE\DEV\UILIB\IMAGEFACTORY\JASPER\DEBUG\JP2_DEC.OBJ
D:\BAIJIE\SOFTWARE\DEV\UILIB\IMAGEFACTORY\JASPER\DEBUG\JP2_ENC.OBJ
D:\BAIJIE\SOFTWARE\DEV\UILIB\IMAGEFACTORY\JASPER\DEBUG\JPC_BS.OBJ
D:\BAIJIE\SOFTWARE\DEV\UILIB\IMAGEFACTORY\JASPER\DEBUG\JPC_CS.OBJ
D:\BAIJIE\SOFTWARE\DEV\UILIB\IMAGEFACTORY\JASPER\DEBUG\JPC_DEC.OBJ
D:\BAIJIE\SOFTWARE\DEV\UILIB\IMAGEFACTORY\JASPER\DEBUG\JPC_ENC.OBJ
D:\BAIJIE\SOFTWARE\DEV\UILIB\IMAGEFACTORY\JASPER\DEBUG\JPC_MATH.OBJ
D:\BAIJIE\SOFTWARE\DEV\UILIB\IMAGEFACTORY\JASPER\DEBUG\JPC_MCT.OBJ
D:\BAIJIE\SOFTWARE\DEV\UILIB\IMAGEFACTORY\JASPER\DEBUG\JPC_MQCOD.OBJ
D:\BAIJIE\SOFTWARE\DEV\UILIB\IMAGEFACTORY\JASPER\DEBUG\JPC_MQDEC.OBJ
D:\BAIJIE\SOFTWARE\DEV\UILIB\IMAGEFACTORY\JASPER\DEBUG\JPC_MQENC.OBJ
D:\BAIJIE\SOFTWARE\DEV\UILIB\IMAGEFACTORY\JASPER\DEBUG\JPC_QMFB.OBJ
D:\BAIJIE\SOFTWARE\DEV\UILIB\IMAGEFACTORY\JASPER\DEBUG\JPC_T1COD.OBJ
D:\BAIJIE\SOFTWARE\DEV\UILIB\IMAGEFACTORY\JASPER\DEBUG\JPC_T1DEC.OBJ
D:\BAIJIE\SOFTWARE\DEV\UILIB\IMAGEFACTORY\JASPER\DEBUG\JPC_T1ENC.OBJ
D:\BAIJIE\SOFTWARE\DEV\UILIB\IMAGEFACTORY\JASPER\DEBUG\JPC_T2COD.OBJ
D:\BAIJIE\SOFTWARE\DEV\UILIB\IMAGEFACTORY\JASPER\DEBUG\JPC_T2DEC.OBJ
D:\BAIJIE\SOFTWARE\DEV\UILIB\IMAGEFACTORY\JASPER\DEBUG\JPC_T2ENC.OBJ
D:\BAIJIE\SOFTWARE\DEV\UILIB\IMAGEFACTORY\JASPER\DEBUG\JPC_TAGTREE.OBJ
D:\BAIJIE\SOFTWARE\DEV\UILIB\IMAGEFACTORY\JASPER\DEBUG\JPC_TSFB.OBJ
D:\BAIJIE\SOFTWARE\DEV\UILIB\IMAGEFACTORY\JASPER\DEBUG\JPC_UTIL.OBJ
D:\BAIJIE\SOFTWARE\DEV\UILIB\IMAGEFACTORY\JASPER\DEBUG\JPG_DUMMY.OBJ
D:\BAIJIE\SOFTWARE\DEV\UILIB\IMAGEFACTORY\JASPER\DEBUG\JPG_VAL.OBJ
D:\Baijie\software\dev\UILib\ImageFactory\jasper\Debug\lib.command.1.tlog
D:\Baijie\software\dev\UILib\ImageFactory\jasper\Debug\Lib-link.read.1.tlog
D:\Baijie\software\dev\UILib\ImageFactory\jasper\Debug\Lib-link.write.1.tlog
D:\BAIJIE\SOFTWARE\DEV\UILIB\IMAGEFACTORY\JASPER\DEBUG\MIF_COD.OBJ
D:\BAIJIE\SOFTWARE\DEV\UILIB\IMAGEFACTORY\JASPER\DEBUG\PGX_COD.OBJ
D:\BAIJIE\SOFTWARE\DEV\UILIB\IMAGEFACTORY\JASPER\DEBUG\PGX_DEC.OBJ
D:\BAIJIE\SOFTWARE\DEV\UILIB\IMAGEFACTORY\JASPER\DEBUG\PGX_ENC.OBJ
D:\BAIJIE\SOFTWARE\DEV\UILIB\IMAGEFACTORY\JASPER\DEBUG\PNM_COD.OBJ
D:\BAIJIE\SOFTWARE\DEV\UILIB\IMAGEFACTORY\JASPER\DEBUG\PNM_DEC.OBJ
D:\BAIJIE\SOFTWARE\DEV\UILIB\IMAGEFACTORY\JASPER\DEBUG\PNM_ENC.OBJ
D:\BAIJIE\SOFTWARE\DEV\UILIB\IMAGEFACTORY\JASPER\DEBUG\RAS_COD.OBJ
D:\BAIJIE\SOFTWARE\DEV\UILIB\IMAGEFACTORY\JASPER\DEBUG\RAS_DEC.OBJ
D:\BAIJIE\SOFTWARE\DEV\UILIB\IMAGEFACTORY\JASPER\DEBUG\RAS_ENC.OBJ
D:\Baijie\software\dev\UILib\ImageFactory\jasper\Debug\vc100.idb
D:\BAIJIE\SOFTWARE\DEV\UILIB\IMAGEFACTORY\JASPER\DEBUG\VC100.PDB
