D:\BAIJIE\SOFTWARE\DEV\UILIB\SKIARENDER\RELEASE\IMAGES.LIB
D:\BAIJIE\SOFTWARE\DEV\UILIB\SKIARENDER\RELEASE\IMAGES.PDB
D:\Baijie\software\dev\UILib\SkiaRender\skia-lib\project\images\..\..\..\Release\images.lib
D:\BAIJIE\SOFTWARE\DEV\UILIB\SKIARENDER\SKIA-LIB\PROJECT\IMAGES\RELEASE\BMPDECODERHELPER.OBJ
D:\Baijie\software\dev\UILib\SkiaRender\skia-lib\project\images\Release\cl.command.1.tlog
D:\Baijie\software\dev\UILib\SkiaRender\skia-lib\project\images\Release\CL.read.1.tlog
D:\Baijie\software\dev\UILib\SkiaRender\skia-lib\project\images\Release\CL.write.1.tlog
D:\Baijie\software\dev\UILib\SkiaRender\skia-lib\project\images\Release\lib.command.1.tlog
D:\Baijie\software\dev\UILib\SkiaRender\skia-lib\project\images\Release\Lib-link.read.1.tlog
D:\Baijie\software\dev\UILib\SkiaRender\skia-lib\project\images\Release\Lib-link.write.1.tlog
D:\BAIJIE\SOFTWARE\DEV\UILIB\SKIARENDER\SKIA-LIB\PROJECT\IMAGES\RELEASE\SKCREATERLEPIXELREF.OBJ
D:\BAIJIE\SOFTWARE\DEV\UILIB\SKIARENDER\SKIA-LIB\PROJECT\IMAGES\RELEASE\SKFLIPPIXELREF.OBJ
D:\BAIJIE\SOFTWARE\DEV\UILIB\SKIARENDER\SKIA-LIB\PROJECT\IMAGES\RELEASE\SKIMAGEDECODER.OBJ
D:\BAIJIE\SOFTWARE\DEV\UILIB\SKIARENDER\SKIA-LIB\PROJECT\IMAGES\RELEASE\SKIMAGEDECODER_LIBBMP.OBJ
D:\BAIJIE\SOFTWARE\DEV\UILIB\SKIARENDER\SKIA-LIB\PROJECT\IMAGES\RELEASE\SKIMAGEDECODER_LIBICO.OBJ
D:\BAIJIE\SOFTWARE\DEV\UILIB\SKIARENDER\SKIA-LIB\PROJECT\IMAGES\RELEASE\SKIMAGEDECODER_WBMP.OBJ
D:\BAIJIE\SOFTWARE\DEV\UILIB\SKIARENDER\SKIA-LIB\PROJECT\IMAGES\RELEASE\SKIMAGEDECODER_WIC.OBJ
D:\BAIJIE\SOFTWARE\DEV\UILIB\SKIARENDER\SKIA-LIB\PROJECT\IMAGES\RELEASE\SKIMAGEENCODER.OBJ
D:\BAIJIE\SOFTWARE\DEV\UILIB\SKIARENDER\SKIA-LIB\PROJECT\IMAGES\RELEASE\SKIMAGEREF.OBJ
D:\BAIJIE\SOFTWARE\DEV\UILIB\SKIARENDER\SKIA-LIB\PROJECT\IMAGES\RELEASE\SKIMAGEREF_GLOBALPOOL.OBJ
D:\BAIJIE\SOFTWARE\DEV\UILIB\SKIARENDER\SKIA-LIB\PROJECT\IMAGES\RELEASE\SKIMAGEREFPOOL.OBJ
D:\BAIJIE\SOFTWARE\DEV\UILIB\SKIARENDER\SKIA-LIB\PROJECT\IMAGES\RELEASE\SKMOVIE.OBJ
D:\BAIJIE\SOFTWARE\DEV\UILIB\SKIARENDER\SKIA-LIB\PROJECT\IMAGES\RELEASE\SKPAGEFLIPPER.OBJ
D:\BAIJIE\SOFTWARE\DEV\UILIB\SKIARENDER\SKIA-LIB\PROJECT\IMAGES\RELEASE\SKSCALEDBITMAPSAMPLER.OBJ
D:\BAIJIE\SOFTWARE\DEV\UILIB\SKIARENDER\SKIA-LIB\PROJECT\RELEASE\IMAGES.PDB
