生成启动时间为 2013/12/16 18:04:06。
     1>项目“D:\Baijie\software\dev\UILib\SkiaRender\skia-lib\project\images\images.vcxproj”在节点 2 上(build 个目标)。
     1>InitializeBuildStatus:
         正在创建“Release\images.unsuccessfulbuild”，因为已指定“AlwaysCreate”。
       ClCompile:
         C:\Program Files\Microsoft Visual Studio 10.0\VC\bin\CL.exe /c /Zi /nologo /W1 /WX- /O2 /Oi /Oy- /GL /D SK_CAN_USE_FLOAT /D SK_SCALAR_IS_FLOAT /D SK_BUILD_FOR_WIN32 /D SK_IGNORE_STDINT_DOT_H /Gm- /EHsc /MD /GS /Gy /fp:precise /Zc:wchar_t /Zc:forScope /Fo"Release\\" /Fd"D:\Baijie\software\dev\UILib\SkiaRender\skia-lib\project\Release\images.pdb" /Gd /TP /analyze- /errorReport:prompt ..\..\src\images\bmpdecoderhelper.cpp ..\..\src\images\SkCreateRLEPixelRef.cpp ..\..\src\images\SkFlipPixelRef.cpp ..\..\src\images\SkImageDecoder.cpp ..\..\src\images\SkImageDecoder_libbmp.cpp ..\..\src\images\SkImageDecoder_libico.cpp ..\..\src\images\SkImageDecoder_wbmp.cpp ..\..\src\images\SkImageEncoder.cpp ..\..\src\images\SkImageRef.cpp ..\..\src\images\SkImageRefPool.cpp ..\..\src\images\SkImageRef_GlobalPool.cpp ..\..\src\images\SkMovie.cpp ..\..\src\images\SkPageFlipper.cpp ..\..\src\images\SkScaledBitmapSampler.cpp ..\..\src\ports\SkImageDecoder_WIC.cpp
         bmpdecoderhelper.cpp
         SkCreateRLEPixelRef.cpp
         SkFlipPixelRef.cpp
         SkImageDecoder.cpp
         SkImageDecoder_libbmp.cpp
         SkImageDecoder_libico.cpp
         SkImageDecoder_wbmp.cpp
         SkImageEncoder.cpp
         SkImageRef.cpp
         SkImageRefPool.cpp
         SkImageRef_GlobalPool.cpp
         SkMovie.cpp
         SkPageFlipper.cpp
         SkScaledBitmapSampler.cpp
         SkImageDecoder_WIC.cpp
       Lib:
         C:\Program Files\Microsoft Visual Studio 10.0\VC\bin\Lib.exe /OUT:"..\..\..\Release\images.lib" /NOLOGO /LTCG Release\bmpdecoderhelper.obj
         Release\SkCreateRLEPixelRef.obj
         Release\SkFlipPixelRef.obj
         Release\SkImageDecoder.obj
         Release\SkImageDecoder_libbmp.obj
         Release\SkImageDecoder_libico.obj
         Release\SkImageDecoder_wbmp.obj
         Release\SkImageEncoder.obj
         Release\SkImageRef.obj
         Release\SkImageRefPool.obj
         Release\SkImageRef_GlobalPool.obj
         Release\SkMovie.obj
         Release\SkPageFlipper.obj
         Release\SkScaledBitmapSampler.obj
         Release\SkImageDecoder_WIC.obj
         images.vcxproj -> D:\Baijie\software\dev\UILib\SkiaRender\skia-lib\project\images\..\..\..\Release\images.lib
       FinalizeBuildStatus:
         正在删除文件“Release\images.unsuccessfulbuild”。
         正在对“Release\images.lastbuildstate”执行 Touch 任务。
     1>已完成生成项目“D:\Baijie\software\dev\UILib\SkiaRender\skia-lib\project\images\images.vcxproj”(build 个目标)的操作。

生成成功。

已用时间 00:01:10.63
