D:\BAIJIE\SOFTWARE\DEV\UILIB\IMAGEFACTORY\ZLIB\DEBUG\ADLER32.LIB
D:\BAIJIE\SOFTWARE\DEV\UILIB\IMAGEFACTORY\ZLIB\DEBUG\ADLER32.OBJ
D:\Baijie\software\dev\UILib\ImageFactory\zlib\Debug\cl.command.1.tlog
D:\Baijie\software\dev\UILib\ImageFactory\zlib\Debug\CL.read.1.tlog
D:\Baijie\software\dev\UILib\ImageFactory\zlib\Debug\CL.write.1.tlog
D:\BAIJIE\SOFTWARE\DEV\UILIB\IMAGEFACTORY\ZLIB\DEBUG\COMPRESS.OBJ
D:\BAIJIE\SOFTWARE\DEV\UILIB\IMAGEFACTORY\ZLIB\DEBUG\CRC32.OBJ
D:\BAIJIE\SOFTWARE\DEV\UILIB\IMAGEFACTORY\ZLIB\DEBUG\DEFLATE.OBJ
D:\BAIJIE\SOFTWARE\DEV\UILIB\IMAGEFACTORY\ZLIB\DEBUG\GZIO.OBJ
D:\BAIJIE\SOFTWARE\DEV\UILIB\IMAGEFACTORY\ZLIB\DEBUG\INFBACK.OBJ
D:\BAIJIE\SOFTWARE\DEV\UILIB\IMAGEFACTORY\ZLIB\DEBUG\INFFAST.OBJ
D:\BAIJIE\SOFTWARE\DEV\UILIB\IMAGEFACTORY\ZLIB\DEBUG\INFLATE.OBJ
D:\BAIJIE\SOFTWARE\DEV\UILIB\IMAGEFACTORY\ZLIB\DEBUG\INFTREES.OBJ
D:\Baijie\software\dev\UILib\ImageFactory\zlib\Debug\lib.command.1.tlog
D:\Baijie\software\dev\UILib\ImageFactory\zlib\Debug\Lib-link.read.1.tlog
D:\Baijie\software\dev\UILib\ImageFactory\zlib\Debug\Lib-link.write.1.tlog
D:\BAIJIE\SOFTWARE\DEV\UILIB\IMAGEFACTORY\ZLIB\DEBUG\TREES.OBJ
D:\BAIJIE\SOFTWARE\DEV\UILIB\IMAGEFACTORY\ZLIB\DEBUG\UNCOMPR.OBJ
D:\Baijie\software\dev\UILib\ImageFactory\zlib\Debug\vc100.idb
D:\BAIJIE\SOFTWARE\DEV\UILIB\IMAGEFACTORY\ZLIB\DEBUG\VC100.PDB
D:\Baijie\software\dev\UILib\ImageFactory\zlib\Debug\zlib.write.1.tlog
D:\BAIJIE\SOFTWARE\DEV\UILIB\IMAGEFACTORY\ZLIB\DEBUG\ZUTIL.OBJ
