生成启动时间为 2013/10/24 8:51:26。
     1>项目“D:\Baijie\software\dev\UILib\ImageFactory\jbig\jbig.vcxproj”在节点 2 上(build 个目标)。
     1>InitializeBuildStatus:
         正在创建“.\Release\jbig.unsuccessfulbuild”，因为已指定“AlwaysCreate”。
       ClCompile:
         C:\Program Files\Microsoft Visual Studio 10.0\VC\bin\CL.exe /c /Zi /nologo /W3 /WX- /O2 /Ob1 /Oy- /D WIN32 /D NDEBUG /D _LIB /D _VC80_UPGRADE=0x0600 /GF /Gm- /EHsc /MD /GS /Gy /fp:precise /Zc:wchar_t /Zc:forScope /Fo".\Release\\" /Fd".\Release\vc100.pdb" /Gd /TC /analyze- /errorReport:prompt jbig.c jbig_tab.c
         jbig.c
         jbig_tab.c
         正在生成代码...
     1>C:\Program Files\MSBuild\Microsoft.Cpp\v4.0\Microsoft.CppBuild.targets(1151,5): warning MSB8012: TargetPath(D:\Baijie\software\dev\UILib\ImageFactory\jbig\..\lib\Release\jbig.lib) 与 Library 的 OutputFile 属性值(D:\Baijie\software\dev\UILib\ImageFactory\jbig\Release\jbig.lib)不匹配。这可能导致项目生成不正确。若要更正此问题，请确保 $(OutDir)、$(TargetName) 和 $(TargetExt) 属性值与 %(Lib.OutputFile) 中指定的值匹配。
       Lib:
         C:\Program Files\Microsoft Visual Studio 10.0\VC\bin\Lib.exe /OUT:".\Release\jbig.lib" /NOLOGO .\Release\jbig.obj
         .\Release\jbig_tab.obj
         jbig.vcxproj -> D:\Baijie\software\dev\UILib\ImageFactory\jbig\..\lib\Release\jbig.lib
       FinalizeBuildStatus:
         正在删除文件“.\Release\jbig.unsuccessfulbuild”。
         正在对“.\Release\jbig.lastbuildstate”执行 Touch 任务。
     1>已完成生成项目“D:\Baijie\software\dev\UILib\ImageFactory\jbig\jbig.vcxproj”(build 个目标)的操作。

生成成功。

已用时间 00:00:00.81
