生成启动时间为 2013/10/24 10:08:24。
     1>项目“D:\Baijie\software\dev\UILib\SkiaRender\skia-lib\project\skgr\skgr.vcxproj”在节点 5 上(build 个目标)。
     1>C:\Program Files\MSBuild\Microsoft.Cpp\v4.0\Microsoft.CppBuild.targets(299,5): warning MSB8004: Output 目录未以斜杠结尾。此生成实例将添加斜杠，因为必须有这个斜杠才能正确计算 Output 目录。
     1>InitializeBuildStatus:
         正在创建“Debug\skgr.unsuccessfulbuild”，因为已指定“AlwaysCreate”。
       ClCompile:
         C:\Program Files\Microsoft Visual Studio 10.0\VC\bin\CL.exe /c /Zi /nologo /W1 /WX- /Od /Oy- /D _DEBUG /D SK_CAN_USE_FLOAT /D SK_SCALAR_IS_FLOAT /D SK_BUILD_FOR_WIN32 /D SK_IGNORE_STDINT_DOT_H /D GR_WIN32_BUILD=1 /D SK_DEBUG /D GR_DEBUG=1 /Gm /EHsc /RTC1 /MDd /GS /fp:precise /Zc:wchar_t /Zc:forScope /Fo"Debug\\" /Fd"D:\Baijie\software\dev\UILib\SkiaRender\Debug\skgr.pdb" /Gd /TP /analyze- /errorReport:prompt ..\..\src\gpu\GrPrintf_skia.cpp ..\..\src\gpu\SkGpuCanvas.cpp ..\..\src\gpu\SkGpuDevice.cpp ..\..\src\gpu\SkGr.cpp ..\..\src\gpu\SkGrFontScaler.cpp ..\..\src\gpu\SkGrTexturePixelRef.cpp
         SkGrTexturePixelRef.cpp
         SkGrFontScaler.cpp
         SkGr.cpp
         SkGpuDevice.cpp
         SkGpuCanvas.cpp
         GrPrintf_skia.cpp
         正在生成代码...
       Lib:
         C:\Program Files\Microsoft Visual Studio 10.0\VC\bin\Lib.exe /OUT:"..\..\..\Debug\skgr.lib" /NOLOGO Debug\GrPrintf_skia.obj
         Debug\SkGpuCanvas.obj
         Debug\SkGpuDevice.obj
         Debug\SkGr.obj
         Debug\SkGrFontScaler.obj
         Debug\SkGrTexturePixelRef.obj
         skgr.vcxproj -> D:\Baijie\software\dev\UILib\SkiaRender\skia-lib\project\skgr\..\..\..\Debug\skgr.lib
       FinalizeBuildStatus:
         正在删除文件“Debug\skgr.unsuccessfulbuild”。
         正在对“Debug\skgr.lastbuildstate”执行 Touch 任务。
     1>已完成生成项目“D:\Baijie\software\dev\UILib\SkiaRender\skia-lib\project\skgr\skgr.vcxproj”(build 个目标)的操作。

生成成功。

已用时间 00:00:06.97
