D:\BAIJIE\SOFTWARE\DEV\UILIB\SKIARENDER\RELEASE\GR.LIB
D:\BAIJIE\SOFTWARE\DEV\UILIB\SKIARENDER\RELEASE\GR.PDB
D:\Baijie\software\dev\UILib\SkiaRender\skia-lib\project\gr\..\..\..\Release\gr.lib
D:\Baijie\software\dev\UILib\SkiaRender\skia-lib\project\gr\Release\cl.command.1.tlog
D:\Baijie\software\dev\UILib\SkiaRender\skia-lib\project\gr\Release\CL.read.1.tlog
D:\Baijie\software\dev\UILib\SkiaRender\skia-lib\project\gr\Release\CL.write.1.tlog
D:\BAIJIE\SOFTWARE\DEV\UILIB\SKIARENDER\SKIA-LIB\PROJECT\GR\RELEASE\GR_UNITTESTS.OBJ
D:\BAIJIE\SOFTWARE\DEV\UILIB\SKIARENDER\SKIA-LIB\PROJECT\GR\RELEASE\GRALLOCPOOL.OBJ
D:\BAIJIE\SOFTWARE\DEV\UILIB\SKIARENDER\SKIA-LIB\PROJECT\GR\RELEASE\GRATLAS.OBJ
D:\BAIJIE\SOFTWARE\DEV\UILIB\SKIARENDER\SKIA-LIB\PROJECT\GR\RELEASE\GRBUFFERALLOCPOOL.OBJ
D:\BAIJIE\SOFTWARE\DEV\UILIB\SKIARENDER\SKIA-LIB\PROJECT\GR\RELEASE\GRCLIP.OBJ
D:\BAIJIE\SOFTWARE\DEV\UILIB\SKIARENDER\SKIA-LIB\PROJECT\GR\RELEASE\GRCONTEXT.OBJ
D:\BAIJIE\SOFTWARE\DEV\UILIB\SKIARENDER\SKIA-LIB\PROJECT\GR\RELEASE\GRCREATEPATHRENDERER_TESSELATED.OBJ
D:\BAIJIE\SOFTWARE\DEV\UILIB\SKIARENDER\SKIA-LIB\PROJECT\GR\RELEASE\GRDRAWTARGET.OBJ
D:\BAIJIE\SOFTWARE\DEV\UILIB\SKIARENDER\SKIA-LIB\PROJECT\GR\RELEASE\GRGLDEFAULTINTERFACE_WIN.OBJ
D:\BAIJIE\SOFTWARE\DEV\UILIB\SKIARENDER\SKIA-LIB\PROJECT\GR\RELEASE\GRGLINDEXBUFFER.OBJ
D:\BAIJIE\SOFTWARE\DEV\UILIB\SKIARENDER\SKIA-LIB\PROJECT\GR\RELEASE\GRGLINTERFACE.OBJ
D:\BAIJIE\SOFTWARE\DEV\UILIB\SKIARENDER\SKIA-LIB\PROJECT\GR\RELEASE\GRGLPROGRAM.OBJ
D:\BAIJIE\SOFTWARE\DEV\UILIB\SKIARENDER\SKIA-LIB\PROJECT\GR\RELEASE\GRGLTEXTURE.OBJ
D:\BAIJIE\SOFTWARE\DEV\UILIB\SKIARENDER\SKIA-LIB\PROJECT\GR\RELEASE\GRGLUTIL.OBJ
D:\BAIJIE\SOFTWARE\DEV\UILIB\SKIARENDER\SKIA-LIB\PROJECT\GR\RELEASE\GRGLVERTEXBUFFER.OBJ
D:\BAIJIE\SOFTWARE\DEV\UILIB\SKIARENDER\SKIA-LIB\PROJECT\GR\RELEASE\GRGPU.OBJ
D:\BAIJIE\SOFTWARE\DEV\UILIB\SKIARENDER\SKIA-LIB\PROJECT\GR\RELEASE\GRGPUFACTORY.OBJ
D:\BAIJIE\SOFTWARE\DEV\UILIB\SKIARENDER\SKIA-LIB\PROJECT\GR\RELEASE\GRGPUGL.OBJ
D:\BAIJIE\SOFTWARE\DEV\UILIB\SKIARENDER\SKIA-LIB\PROJECT\GR\RELEASE\GRGPUGLFIXED.OBJ
D:\BAIJIE\SOFTWARE\DEV\UILIB\SKIARENDER\SKIA-LIB\PROJECT\GR\RELEASE\GRGPUGLSHADERS.OBJ
D:\BAIJIE\SOFTWARE\DEV\UILIB\SKIARENDER\SKIA-LIB\PROJECT\GR\RELEASE\GRINORDERDRAWBUFFER.OBJ
D:\BAIJIE\SOFTWARE\DEV\UILIB\SKIARENDER\SKIA-LIB\PROJECT\GR\RELEASE\GRMATRIX.OBJ
D:\BAIJIE\SOFTWARE\DEV\UILIB\SKIARENDER\SKIA-LIB\PROJECT\GR\RELEASE\GRMEMORY.OBJ
D:\BAIJIE\SOFTWARE\DEV\UILIB\SKIARENDER\SKIA-LIB\PROJECT\GR\RELEASE\GRPATHRENDERER.OBJ
D:\BAIJIE\SOFTWARE\DEV\UILIB\SKIARENDER\SKIA-LIB\PROJECT\GR\RELEASE\GRPATHUTILS.OBJ
D:\BAIJIE\SOFTWARE\DEV\UILIB\SKIARENDER\SKIA-LIB\PROJECT\GR\RELEASE\GRRECTANIZER.OBJ
D:\BAIJIE\SOFTWARE\DEV\UILIB\SKIARENDER\SKIA-LIB\PROJECT\GR\RELEASE\GRRESOURCE.OBJ
D:\BAIJIE\SOFTWARE\DEV\UILIB\SKIARENDER\SKIA-LIB\PROJECT\GR\RELEASE\GRSTENCIL.OBJ
D:\BAIJIE\SOFTWARE\DEV\UILIB\SKIARENDER\SKIA-LIB\PROJECT\GR\RELEASE\GRTESSELATEDPATHRENDERER.OBJ
D:\BAIJIE\SOFTWARE\DEV\UILIB\SKIARENDER\SKIA-LIB\PROJECT\GR\RELEASE\GRTEXTCONTEXT.OBJ
D:\BAIJIE\SOFTWARE\DEV\UILIB\SKIARENDER\SKIA-LIB\PROJECT\GR\RELEASE\GRTEXTSTRIKE.OBJ
D:\BAIJIE\SOFTWARE\DEV\UILIB\SKIARENDER\SKIA-LIB\PROJECT\GR\RELEASE\GRTEXTURE.OBJ
D:\BAIJIE\SOFTWARE\DEV\UILIB\SKIARENDER\SKIA-LIB\PROJECT\GR\RELEASE\GRTEXTURECACHE.OBJ
D:\Baijie\software\dev\UILib\SkiaRender\skia-lib\project\gr\Release\lib.command.1.tlog
D:\Baijie\software\dev\UILib\SkiaRender\skia-lib\project\gr\Release\Lib-link.read.1.tlog
D:\Baijie\software\dev\UILib\SkiaRender\skia-lib\project\gr\Release\Lib-link.write.1.tlog
D:\BAIJIE\SOFTWARE\DEV\UILIB\SKIARENDER\SKIA-LIB\PROJECT\RELEASE\GR.PDB
