生成启动时间为 2013/12/16 18:03:55。
     1>项目“D:\Baijie\software\dev\UILib\SkiaRender\skia-lib\project\xml\xml.vcxproj”在节点 2 上(build 个目标)。
     1>InitializeBuildStatus:
         正在创建“Release\xml.unsuccessfulbuild”，因为已指定“AlwaysCreate”。
       ClCompile:
         C:\Program Files\Microsoft Visual Studio 10.0\VC\bin\CL.exe /c /Zi /nologo /W1 /WX- /O2 /Oi /Oy- /GL /D SK_CAN_USE_FLOAT /D SK_SCALAR_IS_FLOAT /D SK_BUILD_FOR_WIN32 /D SK_IGNORE_STDINT_DOT_H /Gm- /EHsc /MD /GS /Gy /fp:precise /Zc:wchar_t /Zc:forScope /Fo"Release\\" /Fd"D:\Baijie\software\dev\UILib\SkiaRender\skia-lib\project\Release\xml.pdb" /Gd /TP /analyze- /errorReport:prompt ..\..\src\xml\SkBML_XMLParser.cpp ..\..\src\xml\SkDOM.cpp ..\..\src\xml\SkXMLParser.cpp ..\..\src\xml\SkXMLWriter.cpp
         SkBML_XMLParser.cpp
         SkDOM.cpp
         SkXMLParser.cpp
         SkXMLWriter.cpp
       Lib:
         C:\Program Files\Microsoft Visual Studio 10.0\VC\bin\Lib.exe /OUT:"..\..\..\Release\xml.lib" /NOLOGO /LTCG Release\SkBML_XMLParser.obj
         Release\SkDOM.obj
         Release\SkXMLParser.obj
         Release\SkXMLWriter.obj
         xml.vcxproj -> D:\Baijie\software\dev\UILib\SkiaRender\skia-lib\project\xml\..\..\..\Release\xml.lib
       FinalizeBuildStatus:
         正在删除文件“Release\xml.unsuccessfulbuild”。
         正在对“Release\xml.lastbuildstate”执行 Touch 任务。
     1>已完成生成项目“D:\Baijie\software\dev\UILib\SkiaRender\skia-lib\project\xml\xml.vcxproj”(build 个目标)的操作。

生成成功。

已用时间 00:00:06.73
