D:\Baijie\software\dev\UILib\ImageFactory\png\..\lib\Debug\png.lib
D:\Baijie\software\dev\UILib\ImageFactory\png\Debug\cl.command.1.tlog
D:\Baijie\software\dev\UILib\ImageFactory\png\Debug\CL.read.1.tlog
D:\Baijie\software\dev\UILib\ImageFactory\png\Debug\CL.write.1.tlog
D:\Baijie\software\dev\UILib\ImageFactory\png\Debug\lib.command.1.tlog
D:\Baijie\software\dev\UILib\ImageFactory\png\Debug\Lib-link.read.1.tlog
D:\Baijie\software\dev\UILib\ImageFactory\png\Debug\Lib-link.write.1.tlog
D:\BAIJIE\SOFTWARE\DEV\UILIB\IMAGEFACTORY\PNG\DEBUG\PNG.LIB
D:\BAIJIE\SOFTWARE\DEV\UILIB\IMAGEFACTORY\PNG\DEBUG\PNG.OBJ
D:\BAIJIE\SOFTWARE\DEV\UILIB\IMAGEFACTORY\PNG\DEBUG\PNGERROR.OBJ
D:\BAIJIE\SOFTWARE\DEV\UILIB\IMAGEFACTORY\PNG\DEBUG\PNGGET.OBJ
D:\BAIJIE\SOFTWARE\DEV\UILIB\IMAGEFACTORY\PNG\DEBUG\PNGMEM.OBJ
D:\BAIJIE\SOFTWARE\DEV\UILIB\IMAGEFACTORY\PNG\DEBUG\PNGPREAD.OBJ
D:\BAIJIE\SOFTWARE\DEV\UILIB\IMAGEFACTORY\PNG\DEBUG\PNGREAD.OBJ
D:\BAIJIE\SOFTWARE\DEV\UILIB\IMAGEFACTORY\PNG\DEBUG\PNGRIO.OBJ
D:\BAIJIE\SOFTWARE\DEV\UILIB\IMAGEFACTORY\PNG\DEBUG\PNGRTRAN.OBJ
D:\BAIJIE\SOFTWARE\DEV\UILIB\IMAGEFACTORY\PNG\DEBUG\PNGRUTIL.OBJ
D:\BAIJIE\SOFTWARE\DEV\UILIB\IMAGEFACTORY\PNG\DEBUG\PNGSET.OBJ
D:\BAIJIE\SOFTWARE\DEV\UILIB\IMAGEFACTORY\PNG\DEBUG\PNGTRANS.OBJ
D:\BAIJIE\SOFTWARE\DEV\UILIB\IMAGEFACTORY\PNG\DEBUG\PNGVCRD.OBJ
D:\BAIJIE\SOFTWARE\DEV\UILIB\IMAGEFACTORY\PNG\DEBUG\PNGWIO.OBJ
D:\BAIJIE\SOFTWARE\DEV\UILIB\IMAGEFACTORY\PNG\DEBUG\PNGWRITE.OBJ
D:\BAIJIE\SOFTWARE\DEV\UILIB\IMAGEFACTORY\PNG\DEBUG\PNGWTRAN.OBJ
D:\BAIJIE\SOFTWARE\DEV\UILIB\IMAGEFACTORY\PNG\DEBUG\PNGWUTIL.OBJ
D:\Baijie\software\dev\UILib\ImageFactory\png\Debug\vc100.idb
D:\BAIJIE\SOFTWARE\DEV\UILIB\IMAGEFACTORY\PNG\DEBUG\VC100.PDB
