D:\BAIJIE\SOFTWARE\DEV\UILIB\SKIARENDER\RELEASE\EFFECTS.LIB
D:\BAIJIE\SOFTWARE\DEV\UILIB\SKIARENDER\RELEASE\EFFECTS.PDB
D:\Baijie\software\dev\UILib\SkiaRender\skia-lib\project\effect\..\..\..\Release\effects.lib
D:\Baijie\software\dev\UILib\SkiaRender\skia-lib\project\effect\Release\cl.command.1.tlog
D:\Baijie\software\dev\UILib\SkiaRender\skia-lib\project\effect\Release\CL.read.1.tlog
D:\Baijie\software\dev\UILib\SkiaRender\skia-lib\project\effect\Release\CL.write.1.tlog
D:\Baijie\software\dev\UILib\SkiaRender\skia-lib\project\effect\Release\lib.command.1.tlog
D:\Baijie\software\dev\UILib\SkiaRender\skia-lib\project\effect\Release\Lib-link.read.1.tlog
D:\Baijie\software\dev\UILib\SkiaRender\skia-lib\project\effect\Release\Lib-link.write.1.tlog
D:\BAIJIE\SOFTWARE\DEV\UILIB\SKIARENDER\SKIA-LIB\PROJECT\EFFECT\RELEASE\SK1DPATHEFFECT.OBJ
D:\BAIJIE\SOFTWARE\DEV\UILIB\SKIARENDER\SKIA-LIB\PROJECT\EFFECT\RELEASE\SK2DPATHEFFECT.OBJ
D:\BAIJIE\SOFTWARE\DEV\UILIB\SKIARENDER\SKIA-LIB\PROJECT\EFFECT\RELEASE\SKAVOIDXFERMODE.OBJ
D:\BAIJIE\SOFTWARE\DEV\UILIB\SKIARENDER\SKIA-LIB\PROJECT\EFFECT\RELEASE\SKBITMAPCACHE.OBJ
D:\BAIJIE\SOFTWARE\DEV\UILIB\SKIARENDER\SKIA-LIB\PROJECT\EFFECT\RELEASE\SKBLURDRAWLOOPER.OBJ
D:\BAIJIE\SOFTWARE\DEV\UILIB\SKIARENDER\SKIA-LIB\PROJECT\EFFECT\RELEASE\SKBLURMASK.OBJ
D:\BAIJIE\SOFTWARE\DEV\UILIB\SKIARENDER\SKIA-LIB\PROJECT\EFFECT\RELEASE\SKBLURMASKFILTER.OBJ
D:\BAIJIE\SOFTWARE\DEV\UILIB\SKIARENDER\SKIA-LIB\PROJECT\EFFECT\RELEASE\SKCOLORFILTERS.OBJ
D:\BAIJIE\SOFTWARE\DEV\UILIB\SKIARENDER\SKIA-LIB\PROJECT\EFFECT\RELEASE\SKCOLORMATRIXFILTER.OBJ
D:\BAIJIE\SOFTWARE\DEV\UILIB\SKIARENDER\SKIA-LIB\PROJECT\EFFECT\RELEASE\SKCORNERPATHEFFECT.OBJ
D:\BAIJIE\SOFTWARE\DEV\UILIB\SKIARENDER\SKIA-LIB\PROJECT\EFFECT\RELEASE\SKDASHPATHEFFECT.OBJ
D:\BAIJIE\SOFTWARE\DEV\UILIB\SKIARENDER\SKIA-LIB\PROJECT\EFFECT\RELEASE\SKDISCRETEPATHEFFECT.OBJ
D:\BAIJIE\SOFTWARE\DEV\UILIB\SKIARENDER\SKIA-LIB\PROJECT\EFFECT\RELEASE\SKEMBOSSMASK.OBJ
D:\BAIJIE\SOFTWARE\DEV\UILIB\SKIARENDER\SKIA-LIB\PROJECT\EFFECT\RELEASE\SKEMBOSSMASKFILTER.OBJ
D:\BAIJIE\SOFTWARE\DEV\UILIB\SKIARENDER\SKIA-LIB\PROJECT\EFFECT\RELEASE\SKGRADIENTSHADER.OBJ
D:\BAIJIE\SOFTWARE\DEV\UILIB\SKIARENDER\SKIA-LIB\PROJECT\EFFECT\RELEASE\SKGROUPSHAPE.OBJ
D:\BAIJIE\SOFTWARE\DEV\UILIB\SKIARENDER\SKIA-LIB\PROJECT\EFFECT\RELEASE\SKKERNEL33MASKFILTER.OBJ
D:\BAIJIE\SOFTWARE\DEV\UILIB\SKIARENDER\SKIA-LIB\PROJECT\EFFECT\RELEASE\SKLAYERDRAWLOOPER.OBJ
D:\BAIJIE\SOFTWARE\DEV\UILIB\SKIARENDER\SKIA-LIB\PROJECT\EFFECT\RELEASE\SKLAYERRASTERIZER.OBJ
D:\BAIJIE\SOFTWARE\DEV\UILIB\SKIARENDER\SKIA-LIB\PROJECT\EFFECT\RELEASE\SKPAINTFLAGSDRAWFILTER.OBJ
D:\BAIJIE\SOFTWARE\DEV\UILIB\SKIARENDER\SKIA-LIB\PROJECT\EFFECT\RELEASE\SKPIXELXORXFERMODE.OBJ
D:\BAIJIE\SOFTWARE\DEV\UILIB\SKIARENDER\SKIA-LIB\PROJECT\EFFECT\RELEASE\SKPORTERDUFF.OBJ
D:\BAIJIE\SOFTWARE\DEV\UILIB\SKIARENDER\SKIA-LIB\PROJECT\EFFECT\RELEASE\SKRECTSHAPE.OBJ
D:\BAIJIE\SOFTWARE\DEV\UILIB\SKIARENDER\SKIA-LIB\PROJECT\EFFECT\RELEASE\SKTRANSPARENTSHADER.OBJ
D:\BAIJIE\SOFTWARE\DEV\UILIB\SKIARENDER\SKIA-LIB\PROJECT\RELEASE\EFFECTS.PDB
