生成启动时间为 2013/12/16 18:04:10。
     1>项目“D:\Baijie\software\dev\UILib\SkiaRender\skia-lib\project\core\core.vcxproj”在节点 2 上(build 个目标)。
     1>InitializeBuildStatus:
         正在创建“Release\core.unsuccessfulbuild”，因为已指定“AlwaysCreate”。
       ClCompile:
         C:\Program Files\Microsoft Visual Studio 10.0\VC\bin\CL.exe /c /Zi /nologo /W1 /WX- /O2 /Oi /Oy- /GL /D SK_CAN_USE_FLOAT /D SK_SCALAR_IS_FLOAT /D SK_BUILD_FOR_WIN32 /D SK_IGNORE_STDINT_DOT_H /Gm- /EHsc /MD /GS /Gy /fp:precise /Zc:wchar_t /Zc:forScope /Fo"Release\\" /Fd"D:\Baijie\software\dev\UILib\SkiaRender\skia-lib\project\Release\core.pdb" /Gd /TP /analyze- /errorReport:prompt ..\..\src\core\Sk64.cpp ..\..\src\core\SkAdvancedTypefaceMetrics.cpp ..\..\src\core\SkAlphaRuns.cpp ..\..\src\core\SkBitmap.cpp ..\..\src\core\SkBitmapProcShader.cpp ..\..\src\core\SkBitmapProcState.cpp ..\..\src\core\SkBitmapProcState_matrixProcs.cpp ..\..\src\core\SkBitmapSampler.cpp ..\..\src\core\SkBitmap_scroll.cpp ..\..\src\core\SkBlitRow_D16.cpp ..\..\src\core\SkBlitRow_D32.cpp ..\..\src\core\SkBlitRow_D4444.cpp ..\..\src\core\SkBlitter.cpp ..\..\src\core\SkBlitter_4444.cpp ..\..\src\core\SkBlitter_A1.cpp ..\..\src\core\SkBlitter_A8.cpp ..\..\src\core\SkBlitter_ARGB32.cpp ..\..\src\core\SkBlitter_RGB16.cpp ..\..\src\core\SkBlitter_Sprite.cpp ..\..\src\core\SkBuffer.cpp ..\..\src\core\SkCanvas.cpp ..\..\src\core\SkChunkAlloc.cpp ..\..\src\core\SkClampRange.cpp ..\..\src\core\SkClipStack.cpp ..\..\src\core\SkColor.cpp ..\..\src\core\SkColorFilter.cpp ..\..\src\core\SkColorTable.cpp ..\..\src\core\SkComposeShader.cpp ..\..\src\core\SkConcaveToTriangles.cpp ..\..\src\core\SkCordic.cpp ..\..\src\core\SkCubicClipper.cpp ..\..\src\core\SkData.cpp ..\..\src\core\SkDebug.cpp ..\..\src\core\SkDeque.cpp ..\..\src\core\SkDevice.cpp ..\..\src\core\SkDither.cpp ..\..\src\core\SkDraw.cpp ..\..\src\core\SkEdge.cpp ..\..\src\core\SkEdgeBuilder.cpp ..\..\src\core\SkEdgeClipper.cpp ..\..\src\core\SkFilterProc.cpp ..\..\src\core\SkFlattenable.cpp ..\..\src\core\SkFloat.cpp ..\..\src\core\SkFloatBits.cpp ..\..\src\core\SkFontHost.cpp ..\..\src\core\SkGeometry.cpp ..\..\src\core\SkGlobals.cpp ..\..\src\core\SkGlyphCache.cpp ..\..\src\core\SkGraphics.cpp ..\..\src\core\SkLineClipper.cpp ..\..\src\core\SkMallocPixelRef.cpp ..\..\src\core\SkMask.cpp ..\..\src\core\SkMaskFilter.cpp ..\..\src\core\SkMath.cpp ..\..\src\core\SkMatrix.cpp ..\..\src\core\SkMetaData.cpp ..\..\src\core\SkPackBits.cpp ..\..\src\core\SkPaint.cpp ..\..\src\core\SkPath.cpp ..\..\src\core\SkPathEffect.cpp ..\..\src\core\SkPathHeap.cpp ..\..\src\core\SkPathMeasure.cpp ..\..\src\core\SkPicture.cpp ..\..\src\core\SkPictureFlat.cpp ..\..\src\core\SkPicturePlayback.cpp ..\..\src\core\SkPictureRecord.cpp ..\..\src\core\SkPixelRef.cpp ..\..\src\core\SkPoint.cpp ..\..\src\core\SkProcSpriteBlitter.cpp ..\..\src\core\SkPtrRecorder.cpp ..\..\src\core\SkQuadClipper.cpp ..\..\src\core\SkRasterizer.cpp ..\..\src\core\SkRect.cpp ..\..\src\core\SkRefDict.cpp ..\..\src\core\SkRegion.cpp ..\..\src\core\SkRegion_path.cpp ..\..\src\core\SkScalar.cpp ..\..\src\core\SkScalerContext.cpp ..\..\src\core\SkScan.cpp ..\..\src\core\SkScan_Antihair.cpp ..\..\src\core\SkScan_AntiPath.cpp ..\..\src\core\SkScan_Hairline.cpp ..\..\src\core\SkScan_Path.cpp ..\..\src\core\SkShader.cpp ..\..\src\core\SkShape.cpp ..\..\src\core\SkSpriteBlitter_ARGB32.cpp ..\..\src\core\SkSpriteBlitter_RGB16.cpp ..\..\src\core\SkStream.cpp ..\..\src\core\SkString.cpp ..\..\src\core\SkStroke.cpp ..\..\src\core\SkStrokerPriv.cpp ..\..\src\core\SkTSearch.cpp ..\..\src\core\SkTypeface.cpp ..\..\src\core\SkTypefaceCache.cpp ..\..\src\core\SkUnPreMultiply.cpp ..\..\src\core\SkUtils.cpp ..\..\src\core\SkWriter32.cpp ..\..\src\core\SkXfermode.cpp ..\..\src\opts\opts_check_SSE2.cpp ..\..\src\ports\SkDebug_win.cpp ..\..\src\ports\SkFontHost_tables.cpp ..\..\src\ports\SkFontHost_win.cpp ..\..\src\ports\SkGlobals_global.cpp ..\..\src\ports\SkMemory_malloc.cpp ..\..\src\ports\SkOSFile_stdio.cpp ..\..\src\ports\SkThread_win.cpp ..\..\src\ports\SkTime_win.cpp ..\..\src\ports\SkXMLParser_empty.cpp
         Sk64.cpp
         SkAdvancedTypefaceMetrics.cpp
         SkAlphaRuns.cpp
         SkBitmap.cpp
         SkBitmapProcShader.cpp
         SkBitmapProcState.cpp
         SkBitmapProcState_matrixProcs.cpp
         SkBitmapSampler.cpp
         SkBitmap_scroll.cpp
         SkBlitRow_D16.cpp
         SkBlitRow_D32.cpp
         SkBlitRow_D4444.cpp
         SkBlitter.cpp
         SkBlitter_4444.cpp
         SkBlitter_A1.cpp
         SkBlitter_A8.cpp
         SkBlitter_ARGB32.cpp
         SkBlitter_RGB16.cpp
         SkBlitter_Sprite.cpp
         SkBuffer.cpp
         正在编译...
         SkCanvas.cpp
         SkChunkAlloc.cpp
         SkClampRange.cpp
         SkClipStack.cpp
         SkColor.cpp
         SkColorFilter.cpp
         SkColorTable.cpp
         SkComposeShader.cpp
         SkConcaveToTriangles.cpp
         SkCordic.cpp
         SkCubicClipper.cpp
         SkData.cpp
         SkDebug.cpp
         SkDeque.cpp
         SkDevice.cpp
         SkDither.cpp
         SkDraw.cpp
         SkEdge.cpp
         SkEdgeBuilder.cpp
         SkEdgeClipper.cpp
         正在编译...
         SkFilterProc.cpp
         SkFlattenable.cpp
         SkFloat.cpp
         SkFloatBits.cpp
         SkFontHost.cpp
         SkGeometry.cpp
         SkGlobals.cpp
         SkGlyphCache.cpp
         SkGraphics.cpp
         SkLineClipper.cpp
         SkMallocPixelRef.cpp
         SkMask.cpp
         SkMaskFilter.cpp
         SkMath.cpp
         SkMatrix.cpp
         SkMetaData.cpp
         SkPackBits.cpp
         SkPaint.cpp
         SkPath.cpp
         SkPathEffect.cpp
         正在编译...
         SkPathHeap.cpp
         SkPathMeasure.cpp
         SkPicture.cpp
         SkPictureFlat.cpp
         SkPicturePlayback.cpp
         SkPictureRecord.cpp
         SkPixelRef.cpp
         SkPoint.cpp
         SkProcSpriteBlitter.cpp
         SkPtrRecorder.cpp
         SkQuadClipper.cpp
         SkRasterizer.cpp
         SkRect.cpp
         SkRefDict.cpp
         SkRegion.cpp
         SkRegion_path.cpp
         SkScalar.cpp
         SkScalerContext.cpp
         SkScan.cpp
         SkScan_Antihair.cpp
         正在编译...
         SkScan_AntiPath.cpp
         SkScan_Hairline.cpp
         SkScan_Path.cpp
         SkShader.cpp
         SkShape.cpp
         SkSpriteBlitter_ARGB32.cpp
         SkSpriteBlitter_RGB16.cpp
         SkStream.cpp
         SkString.cpp
         SkStroke.cpp
         SkStrokerPriv.cpp
         SkTSearch.cpp
         SkTypeface.cpp
         SkTypefaceCache.cpp
         SkUnPreMultiply.cpp
         SkUtils.cpp
         SkWriter32.cpp
         SkXfermode.cpp
         opts_check_SSE2.cpp
         SkDebug_win.cpp
         正在编译...
         SkFontHost_tables.cpp
         SkFontHost_win.cpp
         SkGlobals_global.cpp
         SkMemory_malloc.cpp
         SkOSFile_stdio.cpp
         SkThread_win.cpp
         SkTime_win.cpp
         SkXMLParser_empty.cpp
       Lib:
         C:\Program Files\Microsoft Visual Studio 10.0\VC\bin\Lib.exe /OUT:"..\..\..\Release\core.lib" /NOLOGO /LTCG Release\Sk64.obj
         Release\SkAdvancedTypefaceMetrics.obj
         Release\SkAlphaRuns.obj
         Release\SkBitmap.obj
         Release\SkBitmapProcShader.obj
         Release\SkBitmapProcState.obj
         Release\SkBitmapProcState_matrixProcs.obj
         Release\SkBitmapSampler.obj
         Release\SkBitmap_scroll.obj
         Release\SkBlitRow_D16.obj
         Release\SkBlitRow_D32.obj
         Release\SkBlitRow_D4444.obj
         Release\SkBlitter.obj
         Release\SkBlitter_4444.obj
         Release\SkBlitter_A1.obj
         Release\SkBlitter_A8.obj
         Release\SkBlitter_ARGB32.obj
         Release\SkBlitter_RGB16.obj
         Release\SkBlitter_Sprite.obj
         Release\SkBuffer.obj
         Release\SkCanvas.obj
         Release\SkChunkAlloc.obj
         Release\SkClampRange.obj
         Release\SkClipStack.obj
         Release\SkColor.obj
         Release\SkColorFilter.obj
         Release\SkColorTable.obj
         Release\SkComposeShader.obj
         Release\SkConcaveToTriangles.obj
         Release\SkCordic.obj
         Release\SkCubicClipper.obj
         Release\SkData.obj
         Release\SkDebug.obj
         Release\SkDeque.obj
         Release\SkDevice.obj
         Release\SkDither.obj
         Release\SkDraw.obj
         Release\SkEdge.obj
         Release\SkEdgeBuilder.obj
         Release\SkEdgeClipper.obj
         Release\SkFilterProc.obj
         Release\SkFlattenable.obj
         Release\SkFloat.obj
         Release\SkFloatBits.obj
         Release\SkFontHost.obj
         Release\SkGeometry.obj
         Release\SkGlobals.obj
         Release\SkGlyphCache.obj
         Release\SkGraphics.obj
         Release\SkLineClipper.obj
         Release\SkMallocPixelRef.obj
         Release\SkMask.obj
         Release\SkMaskFilter.obj
         Release\SkMath.obj
         Release\SkMatrix.obj
         Release\SkMetaData.obj
         Release\SkPackBits.obj
         Release\SkPaint.obj
         Release\SkPath.obj
         Release\SkPathEffect.obj
         Release\SkPathHeap.obj
         Release\SkPathMeasure.obj
         Release\SkPicture.obj
         Release\SkPictureFlat.obj
         Release\SkPicturePlayback.obj
         Release\SkPictureRecord.obj
         Release\SkPixelRef.obj
         Release\SkPoint.obj
         Release\SkProcSpriteBlitter.obj
         Release\SkPtrRecorder.obj
         Release\SkQuadClipper.obj
         Release\SkRasterizer.obj
         Release\SkRect.obj
         Release\SkRefDict.obj
         Release\SkRegion.obj
         Release\SkRegion_path.obj
         Release\SkScalar.obj
         Release\SkScalerContext.obj
         Release\SkScan.obj
         Release\SkScan_Antihair.obj
         Release\SkScan_AntiPath.obj
         Release\SkScan_Hairline.obj
         Release\SkScan_Path.obj
         Release\SkShader.obj
         Release\SkShape.obj
         Release\SkSpriteBlitter_ARGB32.obj
         Release\SkSpriteBlitter_RGB16.obj
         Release\SkStream.obj
         Release\SkString.obj
         Release\SkStroke.obj
         Release\SkStrokerPriv.obj
         Release\SkTSearch.obj
         Release\SkTypeface.obj
         Release\SkTypefaceCache.obj
         Release\SkUnPreMultiply.obj
         Release\SkUtils.obj
         Release\SkWriter32.obj
         Release\SkXfermode.obj
         Release\opts_check_SSE2.obj
         Release\SkDebug_win.obj
         Release\SkFontHost_tables.obj
         Release\SkFontHost_win.obj
         Release\SkGlobals_global.obj
         Release\SkMemory_malloc.obj
         Release\SkOSFile_stdio.obj
         Release\SkThread_win.obj
         Release\SkTime_win.obj
         Release\SkXMLParser_empty.obj
         core.vcxproj -> D:\Baijie\software\dev\UILib\SkiaRender\skia-lib\project\core\..\..\..\Release\core.lib
       FinalizeBuildStatus:
         正在删除文件“Release\core.unsuccessfulbuild”。
         正在对“Release\core.lastbuildstate”执行 Touch 任务。
     1>已完成生成项目“D:\Baijie\software\dev\UILib\SkiaRender\skia-lib\project\core\core.vcxproj”(build 个目标)的操作。

生成成功。

已用时间 00:01:08.73
