D:\BAIJIE\SOFTWARE\DEV\UILIB\SKIARENDER\RELEASE\CORE.LIB
D:\BAIJIE\SOFTWARE\DEV\UILIB\SKIARENDER\RELEASE\CORE.PDB
D:\Baijie\software\dev\UILib\SkiaRender\skia-lib\project\core\..\..\..\Release\core.lib
D:\Baijie\software\dev\UILib\SkiaRender\skia-lib\project\core\Release\cl.command.1.tlog
D:\Baijie\software\dev\UILib\SkiaRender\skia-lib\project\core\Release\CL.read.1.tlog
D:\Baijie\software\dev\UILib\SkiaRender\skia-lib\project\core\Release\CL.write.1.tlog
D:\Baijie\software\dev\UILib\SkiaRender\skia-lib\project\core\Release\lib.command.1.tlog
D:\Baijie\software\dev\UILib\SkiaRender\skia-lib\project\core\Release\Lib-link.read.1.tlog
D:\Baijie\software\dev\UILib\SkiaRender\skia-lib\project\core\Release\Lib-link.write.1.tlog
D:\BAIJIE\SOFTWARE\DEV\UILIB\SKIARENDER\SKIA-LIB\PROJECT\CORE\RELEASE\OPTS_CHECK_SSE2.OBJ
D:\BAIJIE\SOFTWARE\DEV\UILIB\SKIARENDER\SKIA-LIB\PROJECT\CORE\RELEASE\SK64.OBJ
D:\BAIJIE\SOFTWARE\DEV\UILIB\SKIARENDER\SKIA-LIB\PROJECT\CORE\RELEASE\SKADVANCEDTYPEFACEMETRICS.OBJ
D:\BAIJIE\SOFTWARE\DEV\UILIB\SKIARENDER\SKIA-LIB\PROJECT\CORE\RELEASE\SKALPHARUNS.OBJ
D:\BAIJIE\SOFTWARE\DEV\UILIB\SKIARENDER\SKIA-LIB\PROJECT\CORE\RELEASE\SKBITMAP.OBJ
D:\BAIJIE\SOFTWARE\DEV\UILIB\SKIARENDER\SKIA-LIB\PROJECT\CORE\RELEASE\SKBITMAP_SCROLL.OBJ
D:\BAIJIE\SOFTWARE\DEV\UILIB\SKIARENDER\SKIA-LIB\PROJECT\CORE\RELEASE\SKBITMAPPROCSHADER.OBJ
D:\BAIJIE\SOFTWARE\DEV\UILIB\SKIARENDER\SKIA-LIB\PROJECT\CORE\RELEASE\SKBITMAPPROCSTATE.OBJ
D:\BAIJIE\SOFTWARE\DEV\UILIB\SKIARENDER\SKIA-LIB\PROJECT\CORE\RELEASE\SKBITMAPPROCSTATE_MATRIXPROCS.OBJ
D:\BAIJIE\SOFTWARE\DEV\UILIB\SKIARENDER\SKIA-LIB\PROJECT\CORE\RELEASE\SKBITMAPSAMPLER.OBJ
D:\BAIJIE\SOFTWARE\DEV\UILIB\SKIARENDER\SKIA-LIB\PROJECT\CORE\RELEASE\SKBLITROW_D16.OBJ
D:\BAIJIE\SOFTWARE\DEV\UILIB\SKIARENDER\SKIA-LIB\PROJECT\CORE\RELEASE\SKBLITROW_D32.OBJ
D:\BAIJIE\SOFTWARE\DEV\UILIB\SKIARENDER\SKIA-LIB\PROJECT\CORE\RELEASE\SKBLITROW_D4444.OBJ
D:\BAIJIE\SOFTWARE\DEV\UILIB\SKIARENDER\SKIA-LIB\PROJECT\CORE\RELEASE\SKBLITTER.OBJ
D:\BAIJIE\SOFTWARE\DEV\UILIB\SKIARENDER\SKIA-LIB\PROJECT\CORE\RELEASE\SKBLITTER_4444.OBJ
D:\BAIJIE\SOFTWARE\DEV\UILIB\SKIARENDER\SKIA-LIB\PROJECT\CORE\RELEASE\SKBLITTER_A1.OBJ
D:\BAIJIE\SOFTWARE\DEV\UILIB\SKIARENDER\SKIA-LIB\PROJECT\CORE\RELEASE\SKBLITTER_A8.OBJ
D:\BAIJIE\SOFTWARE\DEV\UILIB\SKIARENDER\SKIA-LIB\PROJECT\CORE\RELEASE\SKBLITTER_ARGB32.OBJ
D:\BAIJIE\SOFTWARE\DEV\UILIB\SKIARENDER\SKIA-LIB\PROJECT\CORE\RELEASE\SKBLITTER_RGB16.OBJ
D:\BAIJIE\SOFTWARE\DEV\UILIB\SKIARENDER\SKIA-LIB\PROJECT\CORE\RELEASE\SKBLITTER_SPRITE.OBJ
D:\BAIJIE\SOFTWARE\DEV\UILIB\SKIARENDER\SKIA-LIB\PROJECT\CORE\RELEASE\SKBUFFER.OBJ
D:\BAIJIE\SOFTWARE\DEV\UILIB\SKIARENDER\SKIA-LIB\PROJECT\CORE\RELEASE\SKCANVAS.OBJ
D:\BAIJIE\SOFTWARE\DEV\UILIB\SKIARENDER\SKIA-LIB\PROJECT\CORE\RELEASE\SKCHUNKALLOC.OBJ
D:\BAIJIE\SOFTWARE\DEV\UILIB\SKIARENDER\SKIA-LIB\PROJECT\CORE\RELEASE\SKCLAMPRANGE.OBJ
D:\BAIJIE\SOFTWARE\DEV\UILIB\SKIARENDER\SKIA-LIB\PROJECT\CORE\RELEASE\SKCLIPSTACK.OBJ
D:\BAIJIE\SOFTWARE\DEV\UILIB\SKIARENDER\SKIA-LIB\PROJECT\CORE\RELEASE\SKCOLOR.OBJ
D:\BAIJIE\SOFTWARE\DEV\UILIB\SKIARENDER\SKIA-LIB\PROJECT\CORE\RELEASE\SKCOLORFILTER.OBJ
D:\BAIJIE\SOFTWARE\DEV\UILIB\SKIARENDER\SKIA-LIB\PROJECT\CORE\RELEASE\SKCOLORTABLE.OBJ
D:\BAIJIE\SOFTWARE\DEV\UILIB\SKIARENDER\SKIA-LIB\PROJECT\CORE\RELEASE\SKCOMPOSESHADER.OBJ
D:\BAIJIE\SOFTWARE\DEV\UILIB\SKIARENDER\SKIA-LIB\PROJECT\CORE\RELEASE\SKCONCAVETOTRIANGLES.OBJ
D:\BAIJIE\SOFTWARE\DEV\UILIB\SKIARENDER\SKIA-LIB\PROJECT\CORE\RELEASE\SKCORDIC.OBJ
D:\BAIJIE\SOFTWARE\DEV\UILIB\SKIARENDER\SKIA-LIB\PROJECT\CORE\RELEASE\SKCUBICCLIPPER.OBJ
D:\BAIJIE\SOFTWARE\DEV\UILIB\SKIARENDER\SKIA-LIB\PROJECT\CORE\RELEASE\SKDATA.OBJ
D:\BAIJIE\SOFTWARE\DEV\UILIB\SKIARENDER\SKIA-LIB\PROJECT\CORE\RELEASE\SKDEBUG.OBJ
D:\BAIJIE\SOFTWARE\DEV\UILIB\SKIARENDER\SKIA-LIB\PROJECT\CORE\RELEASE\SKDEBUG_WIN.OBJ
D:\BAIJIE\SOFTWARE\DEV\UILIB\SKIARENDER\SKIA-LIB\PROJECT\CORE\RELEASE\SKDEQUE.OBJ
D:\BAIJIE\SOFTWARE\DEV\UILIB\SKIARENDER\SKIA-LIB\PROJECT\CORE\RELEASE\SKDEVICE.OBJ
D:\BAIJIE\SOFTWARE\DEV\UILIB\SKIARENDER\SKIA-LIB\PROJECT\CORE\RELEASE\SKDITHER.OBJ
D:\BAIJIE\SOFTWARE\DEV\UILIB\SKIARENDER\SKIA-LIB\PROJECT\CORE\RELEASE\SKDRAW.OBJ
D:\BAIJIE\SOFTWARE\DEV\UILIB\SKIARENDER\SKIA-LIB\PROJECT\CORE\RELEASE\SKEDGE.OBJ
D:\BAIJIE\SOFTWARE\DEV\UILIB\SKIARENDER\SKIA-LIB\PROJECT\CORE\RELEASE\SKEDGEBUILDER.OBJ
D:\BAIJIE\SOFTWARE\DEV\UILIB\SKIARENDER\SKIA-LIB\PROJECT\CORE\RELEASE\SKEDGECLIPPER.OBJ
D:\BAIJIE\SOFTWARE\DEV\UILIB\SKIARENDER\SKIA-LIB\PROJECT\CORE\RELEASE\SKFILTERPROC.OBJ
D:\BAIJIE\SOFTWARE\DEV\UILIB\SKIARENDER\SKIA-LIB\PROJECT\CORE\RELEASE\SKFLATTENABLE.OBJ
D:\BAIJIE\SOFTWARE\DEV\UILIB\SKIARENDER\SKIA-LIB\PROJECT\CORE\RELEASE\SKFLOAT.OBJ
D:\BAIJIE\SOFTWARE\DEV\UILIB\SKIARENDER\SKIA-LIB\PROJECT\CORE\RELEASE\SKFLOATBITS.OBJ
D:\BAIJIE\SOFTWARE\DEV\UILIB\SKIARENDER\SKIA-LIB\PROJECT\CORE\RELEASE\SKFONTHOST.OBJ
D:\BAIJIE\SOFTWARE\DEV\UILIB\SKIARENDER\SKIA-LIB\PROJECT\CORE\RELEASE\SKFONTHOST_TABLES.OBJ
D:\BAIJIE\SOFTWARE\DEV\UILIB\SKIARENDER\SKIA-LIB\PROJECT\CORE\RELEASE\SKFONTHOST_WIN.OBJ
D:\BAIJIE\SOFTWARE\DEV\UILIB\SKIARENDER\SKIA-LIB\PROJECT\CORE\RELEASE\SKGEOMETRY.OBJ
D:\BAIJIE\SOFTWARE\DEV\UILIB\SKIARENDER\SKIA-LIB\PROJECT\CORE\RELEASE\SKGLOBALS.OBJ
D:\BAIJIE\SOFTWARE\DEV\UILIB\SKIARENDER\SKIA-LIB\PROJECT\CORE\RELEASE\SKGLOBALS_GLOBAL.OBJ
D:\BAIJIE\SOFTWARE\DEV\UILIB\SKIARENDER\SKIA-LIB\PROJECT\CORE\RELEASE\SKGLYPHCACHE.OBJ
D:\BAIJIE\SOFTWARE\DEV\UILIB\SKIARENDER\SKIA-LIB\PROJECT\CORE\RELEASE\SKGRAPHICS.OBJ
D:\BAIJIE\SOFTWARE\DEV\UILIB\SKIARENDER\SKIA-LIB\PROJECT\CORE\RELEASE\SKLINECLIPPER.OBJ
D:\BAIJIE\SOFTWARE\DEV\UILIB\SKIARENDER\SKIA-LIB\PROJECT\CORE\RELEASE\SKMALLOCPIXELREF.OBJ
D:\BAIJIE\SOFTWARE\DEV\UILIB\SKIARENDER\SKIA-LIB\PROJECT\CORE\RELEASE\SKMASK.OBJ
D:\BAIJIE\SOFTWARE\DEV\UILIB\SKIARENDER\SKIA-LIB\PROJECT\CORE\RELEASE\SKMASKFILTER.OBJ
D:\BAIJIE\SOFTWARE\DEV\UILIB\SKIARENDER\SKIA-LIB\PROJECT\CORE\RELEASE\SKMATH.OBJ
D:\BAIJIE\SOFTWARE\DEV\UILIB\SKIARENDER\SKIA-LIB\PROJECT\CORE\RELEASE\SKMATRIX.OBJ
D:\BAIJIE\SOFTWARE\DEV\UILIB\SKIARENDER\SKIA-LIB\PROJECT\CORE\RELEASE\SKMEMORY_MALLOC.OBJ
D:\BAIJIE\SOFTWARE\DEV\UILIB\SKIARENDER\SKIA-LIB\PROJECT\CORE\RELEASE\SKMETADATA.OBJ
D:\BAIJIE\SOFTWARE\DEV\UILIB\SKIARENDER\SKIA-LIB\PROJECT\CORE\RELEASE\SKOSFILE_STDIO.OBJ
D:\BAIJIE\SOFTWARE\DEV\UILIB\SKIARENDER\SKIA-LIB\PROJECT\CORE\RELEASE\SKPACKBITS.OBJ
D:\BAIJIE\SOFTWARE\DEV\UILIB\SKIARENDER\SKIA-LIB\PROJECT\CORE\RELEASE\SKPAINT.OBJ
D:\BAIJIE\SOFTWARE\DEV\UILIB\SKIARENDER\SKIA-LIB\PROJECT\CORE\RELEASE\SKPATH.OBJ
D:\BAIJIE\SOFTWARE\DEV\UILIB\SKIARENDER\SKIA-LIB\PROJECT\CORE\RELEASE\SKPATHEFFECT.OBJ
D:\BAIJIE\SOFTWARE\DEV\UILIB\SKIARENDER\SKIA-LIB\PROJECT\CORE\RELEASE\SKPATHHEAP.OBJ
D:\BAIJIE\SOFTWARE\DEV\UILIB\SKIARENDER\SKIA-LIB\PROJECT\CORE\RELEASE\SKPATHMEASURE.OBJ
D:\BAIJIE\SOFTWARE\DEV\UILIB\SKIARENDER\SKIA-LIB\PROJECT\CORE\RELEASE\SKPICTURE.OBJ
D:\BAIJIE\SOFTWARE\DEV\UILIB\SKIARENDER\SKIA-LIB\PROJECT\CORE\RELEASE\SKPICTUREFLAT.OBJ
D:\BAIJIE\SOFTWARE\DEV\UILIB\SKIARENDER\SKIA-LIB\PROJECT\CORE\RELEASE\SKPICTUREPLAYBACK.OBJ
D:\BAIJIE\SOFTWARE\DEV\UILIB\SKIARENDER\SKIA-LIB\PROJECT\CORE\RELEASE\SKPICTURERECORD.OBJ
D:\BAIJIE\SOFTWARE\DEV\UILIB\SKIARENDER\SKIA-LIB\PROJECT\CORE\RELEASE\SKPIXELREF.OBJ
D:\BAIJIE\SOFTWARE\DEV\UILIB\SKIARENDER\SKIA-LIB\PROJECT\CORE\RELEASE\SKPOINT.OBJ
D:\BAIJIE\SOFTWARE\DEV\UILIB\SKIARENDER\SKIA-LIB\PROJECT\CORE\RELEASE\SKPROCSPRITEBLITTER.OBJ
D:\BAIJIE\SOFTWARE\DEV\UILIB\SKIARENDER\SKIA-LIB\PROJECT\CORE\RELEASE\SKPTRRECORDER.OBJ
D:\BAIJIE\SOFTWARE\DEV\UILIB\SKIARENDER\SKIA-LIB\PROJECT\CORE\RELEASE\SKQUADCLIPPER.OBJ
D:\BAIJIE\SOFTWARE\DEV\UILIB\SKIARENDER\SKIA-LIB\PROJECT\CORE\RELEASE\SKRASTERIZER.OBJ
D:\BAIJIE\SOFTWARE\DEV\UILIB\SKIARENDER\SKIA-LIB\PROJECT\CORE\RELEASE\SKRECT.OBJ
D:\BAIJIE\SOFTWARE\DEV\UILIB\SKIARENDER\SKIA-LIB\PROJECT\CORE\RELEASE\SKREFDICT.OBJ
D:\BAIJIE\SOFTWARE\DEV\UILIB\SKIARENDER\SKIA-LIB\PROJECT\CORE\RELEASE\SKREGION.OBJ
D:\BAIJIE\SOFTWARE\DEV\UILIB\SKIARENDER\SKIA-LIB\PROJECT\CORE\RELEASE\SKREGION_PATH.OBJ
D:\BAIJIE\SOFTWARE\DEV\UILIB\SKIARENDER\SKIA-LIB\PROJECT\CORE\RELEASE\SKSCALAR.OBJ
D:\BAIJIE\SOFTWARE\DEV\UILIB\SKIARENDER\SKIA-LIB\PROJECT\CORE\RELEASE\SKSCALERCONTEXT.OBJ
D:\BAIJIE\SOFTWARE\DEV\UILIB\SKIARENDER\SKIA-LIB\PROJECT\CORE\RELEASE\SKSCAN.OBJ
D:\BAIJIE\SOFTWARE\DEV\UILIB\SKIARENDER\SKIA-LIB\PROJECT\CORE\RELEASE\SKSCAN_ANTIHAIR.OBJ
D:\BAIJIE\SOFTWARE\DEV\UILIB\SKIARENDER\SKIA-LIB\PROJECT\CORE\RELEASE\SKSCAN_ANTIPATH.OBJ
D:\BAIJIE\SOFTWARE\DEV\UILIB\SKIARENDER\SKIA-LIB\PROJECT\CORE\RELEASE\SKSCAN_HAIRLINE.OBJ
D:\BAIJIE\SOFTWARE\DEV\UILIB\SKIARENDER\SKIA-LIB\PROJECT\CORE\RELEASE\SKSCAN_PATH.OBJ
D:\BAIJIE\SOFTWARE\DEV\UILIB\SKIARENDER\SKIA-LIB\PROJECT\CORE\RELEASE\SKSHADER.OBJ
D:\BAIJIE\SOFTWARE\DEV\UILIB\SKIARENDER\SKIA-LIB\PROJECT\CORE\RELEASE\SKSHAPE.OBJ
D:\BAIJIE\SOFTWARE\DEV\UILIB\SKIARENDER\SKIA-LIB\PROJECT\CORE\RELEASE\SKSPRITEBLITTER_ARGB32.OBJ
D:\BAIJIE\SOFTWARE\DEV\UILIB\SKIARENDER\SKIA-LIB\PROJECT\CORE\RELEASE\SKSPRITEBLITTER_RGB16.OBJ
D:\BAIJIE\SOFTWARE\DEV\UILIB\SKIARENDER\SKIA-LIB\PROJECT\CORE\RELEASE\SKSTREAM.OBJ
D:\BAIJIE\SOFTWARE\DEV\UILIB\SKIARENDER\SKIA-LIB\PROJECT\CORE\RELEASE\SKSTRING.OBJ
D:\BAIJIE\SOFTWARE\DEV\UILIB\SKIARENDER\SKIA-LIB\PROJECT\CORE\RELEASE\SKSTROKE.OBJ
D:\BAIJIE\SOFTWARE\DEV\UILIB\SKIARENDER\SKIA-LIB\PROJECT\CORE\RELEASE\SKSTROKERPRIV.OBJ
D:\BAIJIE\SOFTWARE\DEV\UILIB\SKIARENDER\SKIA-LIB\PROJECT\CORE\RELEASE\SKTHREAD_WIN.OBJ
D:\BAIJIE\SOFTWARE\DEV\UILIB\SKIARENDER\SKIA-LIB\PROJECT\CORE\RELEASE\SKTIME_WIN.OBJ
D:\BAIJIE\SOFTWARE\DEV\UILIB\SKIARENDER\SKIA-LIB\PROJECT\CORE\RELEASE\SKTSEARCH.OBJ
D:\BAIJIE\SOFTWARE\DEV\UILIB\SKIARENDER\SKIA-LIB\PROJECT\CORE\RELEASE\SKTYPEFACE.OBJ
D:\BAIJIE\SOFTWARE\DEV\UILIB\SKIARENDER\SKIA-LIB\PROJECT\CORE\RELEASE\SKTYPEFACECACHE.OBJ
D:\BAIJIE\SOFTWARE\DEV\UILIB\SKIARENDER\SKIA-LIB\PROJECT\CORE\RELEASE\SKUNPREMULTIPLY.OBJ
D:\BAIJIE\SOFTWARE\DEV\UILIB\SKIARENDER\SKIA-LIB\PROJECT\CORE\RELEASE\SKUTILS.OBJ
D:\BAIJIE\SOFTWARE\DEV\UILIB\SKIARENDER\SKIA-LIB\PROJECT\CORE\RELEASE\SKWRITER32.OBJ
D:\BAIJIE\SOFTWARE\DEV\UILIB\SKIARENDER\SKIA-LIB\PROJECT\CORE\RELEASE\SKXFERMODE.OBJ
D:\BAIJIE\SOFTWARE\DEV\UILIB\SKIARENDER\SKIA-LIB\PROJECT\CORE\RELEASE\SKXMLPARSER_EMPTY.OBJ
D:\BAIJIE\SOFTWARE\DEV\UILIB\SKIARENDER\SKIA-LIB\PROJECT\RELEASE\CORE.PDB
