生成启动时间为 2013/10/24 10:08:20。
     1>项目“D:\Baijie\software\dev\UILib\SkiaRender\skia-lib\project\xml\xml.vcxproj”在节点 3 上(build 个目标)。
     1>InitializeBuildStatus:
         正在创建“Debug\xml.unsuccessfulbuild”，因为已指定“AlwaysCreate”。
       ClCompile:
         C:\Program Files\Microsoft Visual Studio 10.0\VC\bin\CL.exe /c /Zi /nologo /W1 /WX- /Od /Oy- /D _DEBUG /D SK_CAN_USE_FLOAT /D SK_SCALAR_IS_FLOAT /D SK_BUILD_FOR_WIN32 /D SK_IGNORE_STDINT_DOT_H /D SK_DEBUG /D GR_DEBUG=1 /Gm /EHsc /RTC1 /MDd /GS /fp:precise /Zc:wchar_t /Zc:forScope /Fo"Debug\\" /Fd"D:\Baijie\software\dev\UILib\SkiaRender\Debug\xml.pdb" /Gd /TP /analyze- /errorReport:prompt ..\..\src\xml\SkBML_XMLParser.cpp ..\..\src\xml\SkDOM.cpp ..\..\src\xml\SkXMLParser.cpp ..\..\src\xml\SkXMLWriter.cpp
         SkXMLWriter.cpp
         SkXMLParser.cpp
         SkDOM.cpp
         SkBML_XMLParser.cpp
         正在生成代码...
       Lib:
         C:\Program Files\Microsoft Visual Studio 10.0\VC\bin\Lib.exe /OUT:"..\..\..\Debug\xml.lib" /NOLOGO Debug\SkBML_XMLParser.obj
         Debug\SkDOM.obj
         Debug\SkXMLParser.obj
         Debug\SkXMLWriter.obj
         xml.vcxproj -> D:\Baijie\software\dev\UILib\SkiaRender\skia-lib\project\xml\..\..\..\Debug\xml.lib
       FinalizeBuildStatus:
         正在删除文件“Debug\xml.unsuccessfulbuild”。
         正在对“Debug\xml.lastbuildstate”执行 Touch 任务。
     1>已完成生成项目“D:\Baijie\software\dev\UILib\SkiaRender\skia-lib\project\xml\xml.vcxproj”(build 个目标)的操作。

生成成功。

已用时间 00:00:03.77
