D:\Baijie\software\dev\UILib\ImageFactory\jpeg\Debug\cl.command.1.tlog
D:\Baijie\software\dev\UILib\ImageFactory\jpeg\Debug\CL.read.1.tlog
D:\Baijie\software\dev\UILib\ImageFactory\jpeg\Debug\CL.write.1.tlog
D:\BAIJIE\SOFTWARE\DEV\UILIB\IMAGEFACTORY\JPEG\DEBUG\JCAPIMIN.OBJ
D:\BAIJIE\SOFTWARE\DEV\UILIB\IMAGEFACTORY\JPEG\DEBUG\JCAPISTD.OBJ
D:\BAIJIE\SOFTWARE\DEV\UILIB\IMAGEFACTORY\JPEG\DEBUG\JCCOEFCT.OBJ
D:\BAIJIE\SOFTWARE\DEV\UILIB\IMAGEFACTORY\JPEG\DEBUG\JCCOLOR.OBJ
D:\BAIJIE\SOFTWARE\DEV\UILIB\IMAGEFACTORY\JPEG\DEBUG\JCDCTMGR.OBJ
D:\BAIJIE\SOFTWARE\DEV\UILIB\IMAGEFACTORY\JPEG\DEBUG\JCHUFF.OBJ
D:\BAIJIE\SOFTWARE\DEV\UILIB\IMAGEFACTORY\JPEG\DEBUG\JCINIT.OBJ
D:\BAIJIE\SOFTWARE\DEV\UILIB\IMAGEFACTORY\JPEG\DEBUG\JCMAINCT.OBJ
D:\BAIJIE\SOFTWARE\DEV\UILIB\IMAGEFACTORY\JPEG\DEBUG\JCMARKER.OBJ
D:\BAIJIE\SOFTWARE\DEV\UILIB\IMAGEFACTORY\JPEG\DEBUG\JCMASTER.OBJ
D:\BAIJIE\SOFTWARE\DEV\UILIB\IMAGEFACTORY\JPEG\DEBUG\JCOMAPI.OBJ
D:\BAIJIE\SOFTWARE\DEV\UILIB\IMAGEFACTORY\JPEG\DEBUG\JCPARAM.OBJ
D:\BAIJIE\SOFTWARE\DEV\UILIB\IMAGEFACTORY\JPEG\DEBUG\JCPHUFF.OBJ
D:\BAIJIE\SOFTWARE\DEV\UILIB\IMAGEFACTORY\JPEG\DEBUG\JCPREPCT.OBJ
D:\BAIJIE\SOFTWARE\DEV\UILIB\IMAGEFACTORY\JPEG\DEBUG\JCSAMPLE.OBJ
D:\BAIJIE\SOFTWARE\DEV\UILIB\IMAGEFACTORY\JPEG\DEBUG\JCTRANS.OBJ
D:\BAIJIE\SOFTWARE\DEV\UILIB\IMAGEFACTORY\JPEG\DEBUG\JDAPIMIN.OBJ
D:\BAIJIE\SOFTWARE\DEV\UILIB\IMAGEFACTORY\JPEG\DEBUG\JDAPISTD.OBJ
D:\BAIJIE\SOFTWARE\DEV\UILIB\IMAGEFACTORY\JPEG\DEBUG\JDATADST.OBJ
D:\BAIJIE\SOFTWARE\DEV\UILIB\IMAGEFACTORY\JPEG\DEBUG\JDATASRC.OBJ
D:\BAIJIE\SOFTWARE\DEV\UILIB\IMAGEFACTORY\JPEG\DEBUG\JDCOEFCT.OBJ
D:\BAIJIE\SOFTWARE\DEV\UILIB\IMAGEFACTORY\JPEG\DEBUG\JDCOLOR.OBJ
D:\BAIJIE\SOFTWARE\DEV\UILIB\IMAGEFACTORY\JPEG\DEBUG\JDDCTMGR.OBJ
D:\BAIJIE\SOFTWARE\DEV\UILIB\IMAGEFACTORY\JPEG\DEBUG\JDHUFF.OBJ
D:\BAIJIE\SOFTWARE\DEV\UILIB\IMAGEFACTORY\JPEG\DEBUG\JDINPUT.OBJ
D:\BAIJIE\SOFTWARE\DEV\UILIB\IMAGEFACTORY\JPEG\DEBUG\JDMAINCT.OBJ
D:\BAIJIE\SOFTWARE\DEV\UILIB\IMAGEFACTORY\JPEG\DEBUG\JDMARKER.OBJ
D:\BAIJIE\SOFTWARE\DEV\UILIB\IMAGEFACTORY\JPEG\DEBUG\JDMASTER.OBJ
D:\BAIJIE\SOFTWARE\DEV\UILIB\IMAGEFACTORY\JPEG\DEBUG\JDMERGE.OBJ
D:\BAIJIE\SOFTWARE\DEV\UILIB\IMAGEFACTORY\JPEG\DEBUG\JDPHUFF.OBJ
D:\BAIJIE\SOFTWARE\DEV\UILIB\IMAGEFACTORY\JPEG\DEBUG\JDPOSTCT.OBJ
D:\BAIJIE\SOFTWARE\DEV\UILIB\IMAGEFACTORY\JPEG\DEBUG\JDSAMPLE.OBJ
D:\BAIJIE\SOFTWARE\DEV\UILIB\IMAGEFACTORY\JPEG\DEBUG\JDTRANS.OBJ
D:\BAIJIE\SOFTWARE\DEV\UILIB\IMAGEFACTORY\JPEG\DEBUG\JERROR.OBJ
D:\BAIJIE\SOFTWARE\DEV\UILIB\IMAGEFACTORY\JPEG\DEBUG\JFDCTFLT.OBJ
D:\BAIJIE\SOFTWARE\DEV\UILIB\IMAGEFACTORY\JPEG\DEBUG\JFDCTFST.OBJ
D:\BAIJIE\SOFTWARE\DEV\UILIB\IMAGEFACTORY\JPEG\DEBUG\JFDCTINT.OBJ
D:\BAIJIE\SOFTWARE\DEV\UILIB\IMAGEFACTORY\JPEG\DEBUG\JIDCTFLT.OBJ
D:\BAIJIE\SOFTWARE\DEV\UILIB\IMAGEFACTORY\JPEG\DEBUG\JIDCTFST.OBJ
D:\BAIJIE\SOFTWARE\DEV\UILIB\IMAGEFACTORY\JPEG\DEBUG\JIDCTINT.OBJ
D:\BAIJIE\SOFTWARE\DEV\UILIB\IMAGEFACTORY\JPEG\DEBUG\JIDCTRED.OBJ
D:\BAIJIE\SOFTWARE\DEV\UILIB\IMAGEFACTORY\JPEG\DEBUG\JMEMMGR.OBJ
D:\BAIJIE\SOFTWARE\DEV\UILIB\IMAGEFACTORY\JPEG\DEBUG\JMEMNOBS.OBJ
D:\BAIJIE\SOFTWARE\DEV\UILIB\IMAGEFACTORY\JPEG\DEBUG\JPEG.LIB
D:\Baijie\software\dev\UILib\ImageFactory\jpeg\Debug\jpeg.write.1.tlog
D:\BAIJIE\SOFTWARE\DEV\UILIB\IMAGEFACTORY\JPEG\DEBUG\JQUANT1.OBJ
D:\BAIJIE\SOFTWARE\DEV\UILIB\IMAGEFACTORY\JPEG\DEBUG\JQUANT2.OBJ
D:\BAIJIE\SOFTWARE\DEV\UILIB\IMAGEFACTORY\JPEG\DEBUG\JUTILS.OBJ
D:\Baijie\software\dev\UILib\ImageFactory\jpeg\Debug\lib.command.1.tlog
D:\Baijie\software\dev\UILib\ImageFactory\jpeg\Debug\Lib-link.read.1.tlog
D:\Baijie\software\dev\UILib\ImageFactory\jpeg\Debug\Lib-link.write.1.tlog
D:\Baijie\software\dev\UILib\ImageFactory\jpeg\Debug\vc100.idb
D:\BAIJIE\SOFTWARE\DEV\UILIB\IMAGEFACTORY\JPEG\DEBUG\VC100.PDB
