生成启动时间为 2013/10/24 8:50:31。
     1>项目“D:\Baijie\software\dev\UILib\ImageFactory\png\png.vcxproj”在节点 2 上(build 个目标)。
     1>InitializeBuildStatus:
         正在创建“.\Release\png.unsuccessfulbuild”，因为已指定“AlwaysCreate”。
       ClCompile:
         C:\Program Files\Microsoft Visual Studio 10.0\VC\bin\CL.exe /c /I..\zlib /Zi /nologo /W3 /WX- /O2 /Ob1 /Oy- /D WIN32 /D NDEBUG /D _WINDOWS /D _CRT_SECURE_NO_DEPRECATE /D _VC80_UPGRADE=0x0600 /D _AFXDLL /GF /Gm- /EHsc /MD /GS /Gy /fp:precise /Zc:wchar_t /Zc:forScope /Fo".\Release\\" /Fd".\Release\vc100.pdb" /Gd /TC /analyze- /errorReport:prompt png.c pngerror.c pngget.c pngmem.c pngpread.c pngread.c pngrio.c pngrtran.c pngrutil.c pngset.c pngtrans.c pngvcrd.c pngwio.c pngwrite.c pngwtran.c pngwutil.c
         png.c
         pngerror.c
         pngget.c
         pngmem.c
         pngpread.c
         pngread.c
         pngrio.c
         pngrtran.c
         pngrutil.c
         pngset.c
         pngtrans.c
         pngvcrd.c
         pngwio.c
         pngwrite.c
         pngwtran.c
         pngwutil.c
         正在生成代码...
     1>C:\Program Files\MSBuild\Microsoft.Cpp\v4.0\Microsoft.CppBuild.targets(1151,5): warning MSB8012: TargetPath(D:\Baijie\software\dev\UILib\ImageFactory\png\..\lib\Release\png.lib) 与 Library 的 OutputFile 属性值(D:\Baijie\software\dev\UILib\ImageFactory\png\Release\png.lib)不匹配。这可能导致项目生成不正确。若要更正此问题，请确保 $(OutDir)、$(TargetName) 和 $(TargetExt) 属性值与 %(Lib.OutputFile) 中指定的值匹配。
       Lib:
         C:\Program Files\Microsoft Visual Studio 10.0\VC\bin\Lib.exe /OUT:".\Release\png.lib" /NOLOGO .\Release\png.obj
         .\Release\pngerror.obj
         .\Release\pngget.obj
         .\Release\pngmem.obj
         .\Release\pngpread.obj
         .\Release\pngread.obj
         .\Release\pngrio.obj
         .\Release\pngrtran.obj
         .\Release\pngrutil.obj
         .\Release\pngset.obj
         .\Release\pngtrans.obj
         .\Release\pngvcrd.obj
         .\Release\pngwio.obj
         .\Release\pngwrite.obj
         .\Release\pngwtran.obj
         .\Release\pngwutil.obj
         png.vcxproj -> D:\Baijie\software\dev\UILib\ImageFactory\png\..\lib\Release\png.lib
       FinalizeBuildStatus:
         正在删除文件“.\Release\png.unsuccessfulbuild”。
         正在对“.\Release\png.lastbuildstate”执行 Touch 任务。
     1>已完成生成项目“D:\Baijie\software\dev\UILib\ImageFactory\png\png.vcxproj”(build 个目标)的操作。

生成成功。

已用时间 00:00:02.96
