生成启动时间为 2013/10/24 8:51:14。
     1>项目“D:\Baijie\software\dev\UILib\ImageFactory\jpeg\jpeg.vcxproj”在节点 2 上(build 个目标)。
     1>InitializeBuildStatus:
         正在创建“.\Release\jpeg.unsuccessfulbuild”，因为已指定“AlwaysCreate”。
       ClCompile:
         C:\Program Files\Microsoft Visual Studio 10.0\VC\bin\CL.exe /c /Zi /nologo /W3 /WX- /O2 /Ob1 /Oy- /D WIN32 /D NDEBUG /D _WINDOWS /D _CRT_SECURE_NO_DEPRECATE /D _VC80_UPGRADE=0x0600 /D _AFXDLL /GF /Gm- /EHsc /MD /GS /Gy /fp:precise /Zc:wchar_t /Zc:forScope /Fo".\Release\\" /Fd".\Release\vc100.pdb" /Gd /TC /analyze- /errorReport:prompt Jcapimin.c Jcapistd.c Jccoefct.c Jccolor.c Jcdctmgr.c Jchuff.c Jcinit.c Jcmainct.c Jcmarker.c Jcmaster.c Jcomapi.c Jcparam.c Jcphuff.c Jcprepct.c Jcsample.c Jctrans.c Jdapimin.c Jdapistd.c Jdatadst.c Jdatasrc.c Jdcoefct.c Jdcolor.c Jddctmgr.c Jdhuff.c Jdinput.c Jdmainct.c Jdmarker.c Jdmaster.c Jdmerge.c Jdphuff.c Jdpostct.c Jdsample.c Jdtrans.c Jerror.c Jfdctflt.c Jfdctfst.c Jfdctint.c Jidctflt.c Jidctfst.c Jidctint.c Jidctred.c Jmemmgr.c Jmemnobs.c Jquant1.c Jquant2.c Jutils.c
         Jcapimin.c
         Jcapistd.c
         Jccoefct.c
         Jccolor.c
         Jcdctmgr.c
         Jchuff.c
         Jcinit.c
         Jcmainct.c
         Jcmarker.c
         Jcmaster.c
         Jcomapi.c
         Jcparam.c
         Jcphuff.c
         Jcprepct.c
         Jcsample.c
         Jctrans.c
         Jdapimin.c
         Jdapistd.c
         Jdatadst.c
         Jdatasrc.c
         正在生成代码...
         正在编译...
         Jdcoefct.c
         Jdcolor.c
         Jddctmgr.c
         Jdhuff.c
         Jdinput.c
         Jdmainct.c
         Jdmarker.c
         Jdmaster.c
         Jdmerge.c
         Jdphuff.c
         Jdpostct.c
         Jdsample.c
         Jdtrans.c
         Jerror.c
         Jfdctflt.c
         Jfdctfst.c
         Jfdctint.c
         Jidctflt.c
         Jidctfst.c
         Jidctint.c
         正在生成代码...
         正在编译...
         Jidctred.c
         Jmemmgr.c
         Jmemnobs.c
         Jquant1.c
         Jquant2.c
         Jutils.c
         正在生成代码...
     1>C:\Program Files\MSBuild\Microsoft.Cpp\v4.0\Microsoft.CppBuild.targets(1151,5): warning MSB8012: TargetPath(D:\Baijie\software\dev\UILib\ImageFactory\jpeg\..\lib\Release\jpeg.lib) 与 Library 的 OutputFile 属性值(D:\Baijie\software\dev\UILib\ImageFactory\jpeg\Release\jpeg.lib)不匹配。这可能导致项目生成不正确。若要更正此问题，请确保 $(OutDir)、$(TargetName) 和 $(TargetExt) 属性值与 %(Lib.OutputFile) 中指定的值匹配。
       Lib:
         C:\Program Files\Microsoft Visual Studio 10.0\VC\bin\Lib.exe /OUT:".\Release\jpeg.lib" /NOLOGO .\Release\Jcapimin.obj
         .\Release\Jcapistd.obj
         .\Release\Jccoefct.obj
         .\Release\Jccolor.obj
         .\Release\Jcdctmgr.obj
         .\Release\Jchuff.obj
         .\Release\Jcinit.obj
         .\Release\Jcmainct.obj
         .\Release\Jcmarker.obj
         .\Release\Jcmaster.obj
         .\Release\Jcomapi.obj
         .\Release\Jcparam.obj
         .\Release\Jcphuff.obj
         .\Release\Jcprepct.obj
         .\Release\Jcsample.obj
         .\Release\Jctrans.obj
         .\Release\Jdapimin.obj
         .\Release\Jdapistd.obj
         .\Release\Jdatadst.obj
         .\Release\Jdatasrc.obj
         .\Release\Jdcoefct.obj
         .\Release\Jdcolor.obj
         .\Release\Jddctmgr.obj
         .\Release\Jdhuff.obj
         .\Release\Jdinput.obj
         .\Release\Jdmainct.obj
         .\Release\Jdmarker.obj
         .\Release\Jdmaster.obj
         .\Release\Jdmerge.obj
         .\Release\Jdphuff.obj
         .\Release\Jdpostct.obj
         .\Release\Jdsample.obj
         .\Release\Jdtrans.obj
         .\Release\Jerror.obj
         .\Release\Jfdctflt.obj
         .\Release\Jfdctfst.obj
         .\Release\Jfdctint.obj
         .\Release\Jidctflt.obj
         .\Release\Jidctfst.obj
         .\Release\Jidctint.obj
         .\Release\Jidctred.obj
         .\Release\Jmemmgr.obj
         .\Release\Jmemnobs.obj
         .\Release\Jquant1.obj
         .\Release\Jquant2.obj
         .\Release\Jutils.obj
         jpeg.vcxproj -> D:\Baijie\software\dev\UILib\ImageFactory\jpeg\..\lib\Release\jpeg.lib
       FinalizeBuildStatus:
         正在删除文件“.\Release\jpeg.unsuccessfulbuild”。
         正在对“.\Release\jpeg.lastbuildstate”执行 Touch 任务。
     1>已完成生成项目“D:\Baijie\software\dev\UILib\ImageFactory\jpeg\jpeg.vcxproj”(build 个目标)的操作。

生成成功。

已用时间 00:00:04.35
