D:\BAIJIE\SOFTWARE\DEV\UILIB\SKIARENDER\RELEASE\LIBTESS.LIB
D:\BAIJIE\SOFTWARE\DEV\UILIB\SKIARENDER\RELEASE\LIBTESS.PDB
D:\Baijie\software\dev\UILib\SkiaRender\skia-lib\project\libtess\..\..\..\Release\libtess.lib
D:\Baijie\software\dev\UILib\SkiaRender\skia-lib\project\libtess\Release\cl.command.1.tlog
D:\Baijie\software\dev\UILib\SkiaRender\skia-lib\project\libtess\Release\CL.read.1.tlog
D:\Baijie\software\dev\UILib\SkiaRender\skia-lib\project\libtess\Release\CL.write.1.tlog
D:\BAIJIE\SOFTWARE\DEV\UILIB\SKIARENDER\SKIA-LIB\PROJECT\LIBTESS\RELEASE\DICT.OBJ
D:\BAIJIE\SOFTWARE\DEV\UILIB\SKIARENDER\SKIA-LIB\PROJECT\LIBTESS\RELEASE\GEOM.OBJ
D:\Baijie\software\dev\UILib\SkiaRender\skia-lib\project\libtess\Release\lib.command.1.tlog
D:\Baijie\software\dev\UILib\SkiaRender\skia-lib\project\libtess\Release\Lib-link.read.1.tlog
D:\Baijie\software\dev\UILib\SkiaRender\skia-lib\project\libtess\Release\Lib-link.write.1.tlog
D:\BAIJIE\SOFTWARE\DEV\UILIB\SKIARENDER\SKIA-LIB\PROJECT\LIBTESS\RELEASE\MEMALLOC.OBJ
D:\BAIJIE\SOFTWARE\DEV\UILIB\SKIARENDER\SKIA-LIB\PROJECT\LIBTESS\RELEASE\MESH.OBJ
D:\BAIJIE\SOFTWARE\DEV\UILIB\SKIARENDER\SKIA-LIB\PROJECT\LIBTESS\RELEASE\NORMAL.OBJ
D:\BAIJIE\SOFTWARE\DEV\UILIB\SKIARENDER\SKIA-LIB\PROJECT\LIBTESS\RELEASE\PRIORITYQ.OBJ
D:\BAIJIE\SOFTWARE\DEV\UILIB\SKIARENDER\SKIA-LIB\PROJECT\LIBTESS\RELEASE\RENDER.OBJ
D:\BAIJIE\SOFTWARE\DEV\UILIB\SKIARENDER\SKIA-LIB\PROJECT\LIBTESS\RELEASE\SWEEP.OBJ
D:\BAIJIE\SOFTWARE\DEV\UILIB\SKIARENDER\SKIA-LIB\PROJECT\LIBTESS\RELEASE\TESS.OBJ
D:\BAIJIE\SOFTWARE\DEV\UILIB\SKIARENDER\SKIA-LIB\PROJECT\LIBTESS\RELEASE\TESSMONO.OBJ
D:\BAIJIE\SOFTWARE\DEV\UILIB\SKIARENDER\SKIA-LIB\PROJECT\RELEASE\LIBTESS.PDB
