生成启动时间为 2013/12/16 18:03:37。
     1>项目“D:\Baijie\software\dev\UILib\SkiaRender\skia-lib\project\libtess\libtess.vcxproj”在节点 3 上(build 个目标)。
     1>InitializeBuildStatus:
         正在创建“Release\libtess.unsuccessfulbuild”，因为已指定“AlwaysCreate”。
       ClCompile:
         C:\Program Files\Microsoft Visual Studio 10.0\VC\bin\CL.exe /c /Zi /nologo /W1 /WX- /O2 /Oi /Oy- /GL /D SK_CAN_USE_FLOAT /D SK_SCALAR_IS_FLOAT /D SK_BUILD_FOR_WIN32 /D SK_IGNORE_STDINT_DOT_H /Gm- /EHsc /MD /GS /Gy /fp:precise /Zc:wchar_t /Zc:forScope /Fo"Release\\" /Fd"D:\Baijie\software\dev\UILib\SkiaRender\skia-lib\project\Release\libtess.pdb" /Gd /TC /analyze- /errorReport:prompt ..\..\third_party\glu\libtess\dict.c ..\..\third_party\glu\libtess\geom.c ..\..\third_party\glu\libtess\memalloc.c ..\..\third_party\glu\libtess\mesh.c ..\..\third_party\glu\libtess\normal.c ..\..\third_party\glu\libtess\priorityq.c ..\..\third_party\glu\libtess\render.c ..\..\third_party\glu\libtess\sweep.c ..\..\third_party\glu\libtess\tess.c ..\..\third_party\glu\libtess\tessmono.c
         dict.c
         geom.c
         memalloc.c
         mesh.c
         normal.c
         priorityq.c
         render.c
         sweep.c
         tess.c
         tessmono.c
       Lib:
         C:\Program Files\Microsoft Visual Studio 10.0\VC\bin\Lib.exe /OUT:"..\..\..\Release\libtess.lib" /NOLOGO /LTCG Release\dict.obj
         Release\geom.obj
         Release\memalloc.obj
         Release\mesh.obj
         Release\normal.obj
         Release\priorityq.obj
         Release\render.obj
         Release\sweep.obj
         Release\tess.obj
         Release\tessmono.obj
         libtess.vcxproj -> D:\Baijie\software\dev\UILib\SkiaRender\skia-lib\project\libtess\..\..\..\Release\libtess.lib
       FinalizeBuildStatus:
         正在删除文件“Release\libtess.unsuccessfulbuild”。
         正在对“Release\libtess.lastbuildstate”执行 Touch 任务。
     1>已完成生成项目“D:\Baijie\software\dev\UILib\SkiaRender\skia-lib\project\libtess\libtess.vcxproj”(build 个目标)的操作。

生成成功。

已用时间 00:00:18.02
