生成启动时间为 2013/12/16 18:03:37。
     1>项目“D:\Baijie\software\dev\UILib\SkiaRender\skia-lib\project\utils\utils.vcxproj”在节点 3 上(build 个目标)。
     1>InitializeBuildStatus:
         正在创建“Release\utils.unsuccessfulbuild”，因为已指定“AlwaysCreate”。
       ClCompile:
         C:\Program Files\Microsoft Visual Studio 10.0\VC\bin\CL.exe /c /Zi /nologo /W1 /WX- /O2 /Oi /Oy- /GL /D SK_CAN_USE_FLOAT /D SK_SCALAR_IS_FLOAT /D SK_BUILD_FOR_WIN32 /D SK_IGNORE_STDINT_DOT_H /Gm- /EHsc /MD /GS /Gy /fp:precise /Zc:wchar_t /Zc:forScope /Fo"Release\\" /Fd"D:\Baijie\software\dev\UILib\SkiaRender\skia-lib\project\Release\utils.pdb" /Gd /TP /analyze- /errorReport:prompt ..\..\src\utils\SkBoundaryPatch.cpp ..\..\src\utils\SkCamera.cpp ..\..\src\utils\SkColorMatrix.cpp ..\..\src\utils\SkCubicInterval.cpp ..\..\src\utils\SkCullPoints.cpp ..\..\src\utils\SkDumpCanvas.cpp ..\..\src\utils\SkInterpolator.cpp ..\..\src\utils\SkLayer.cpp ..\..\src\utils\SkMatrix44.cpp ..\..\src\utils\SkMeshUtils.cpp ..\..\src\utils\SkNinePatch.cpp ..\..\src\utils\SkNWayCanvas.cpp ..\..\src\utils\SkOSFile.cpp ..\..\src\utils\SkParse.cpp ..\..\src\utils\SkParseColor.cpp ..\..\src\utils\SkParsePath.cpp ..\..\src\utils\SkProxyCanvas.cpp ..\..\src\utils\SkSfntUtils.cpp ..\..\src\utils\SkUnitMappers.cpp ..\..\src\utils\win\SkAutoCoInitialize.cpp ..\..\src\utils\win\SkEGLContext_Win.cpp ..\..\src\utils\win\SkIStream.cpp
         SkBoundaryPatch.cpp
         SkCamera.cpp
         SkColorMatrix.cpp
         SkCubicInterval.cpp
         SkCullPoints.cpp
         SkDumpCanvas.cpp
         SkInterpolator.cpp
         SkLayer.cpp
         SkMatrix44.cpp
         SkMeshUtils.cpp
         SkNinePatch.cpp
         SkNWayCanvas.cpp
         SkOSFile.cpp
         SkParse.cpp
         SkParseColor.cpp
         SkParsePath.cpp
         SkProxyCanvas.cpp
         SkSfntUtils.cpp
         SkUnitMappers.cpp
         SkAutoCoInitialize.cpp
         正在编译...
         SkEGLContext_Win.cpp
         SkIStream.cpp
       Lib:
         C:\Program Files\Microsoft Visual Studio 10.0\VC\bin\Lib.exe /OUT:"..\..\..\Release\utils.lib" /NOLOGO /LTCG Release\SkBoundaryPatch.obj
         Release\SkCamera.obj
         Release\SkColorMatrix.obj
         Release\SkCubicInterval.obj
         Release\SkCullPoints.obj
         Release\SkDumpCanvas.obj
         Release\SkInterpolator.obj
         Release\SkLayer.obj
         Release\SkMatrix44.obj
         Release\SkMeshUtils.obj
         Release\SkNinePatch.obj
         Release\SkNWayCanvas.obj
         Release\SkOSFile.obj
         Release\SkParse.obj
         Release\SkParseColor.obj
         Release\SkParsePath.obj
         Release\SkProxyCanvas.obj
         Release\SkSfntUtils.obj
         Release\SkUnitMappers.obj
         Release\SkAutoCoInitialize.obj
         Release\SkEGLContext_Win.obj
         Release\SkIStream.obj
         utils.vcxproj -> D:\Baijie\software\dev\UILib\SkiaRender\skia-lib\project\utils\..\..\..\Release\utils.lib
       FinalizeBuildStatus:
         正在删除文件“Release\utils.unsuccessfulbuild”。
         正在对“Release\utils.lastbuildstate”执行 Touch 任务。
     1>已完成生成项目“D:\Baijie\software\dev\UILib\SkiaRender\skia-lib\project\utils\utils.vcxproj”(build 个目标)的操作。

生成成功。

已用时间 00:00:19.33
