生成启动时间为 2014/2/8 19:10:50。
     1>项目“D:\Baijie\software\dev\UILib\ImageFactory\tiff\tiff.vcxproj”在节点 2 上(build 个目标)。
     1>InitializeBuildStatus:
         正在创建“.\Debug\tiff.unsuccessfulbuild”，因为已指定“AlwaysCreate”。
       ClCompile:
         所有输出均为最新。
       Lib:
         所有输出均为最新。
         C:\Program Files (x86)\Microsoft Visual Studio 10.0\VC\bin\Lib.exe /OUT:"..\lib\debug\tiff.lib" /NOLOGO .\Debug\fax3sm_winnt.obj
         .\Debug\tif_aux.obj
         .\Debug\tif_close.obj
         .\Debug\tif_codec.obj
         .\Debug\tif_compress.obj
         .\Debug\tif_dir.obj
         .\Debug\tif_dirinfo.obj
         .\Debug\tif_dirread.obj
         .\Debug\tif_dirwrite.obj
         .\Debug\tif_dumpmode.obj
         .\Debug\tif_error.obj
         .\Debug\tif_fax3.obj
         .\Debug\tif_flush.obj
         .\Debug\tif_getimage.obj
         .\Debug\tif_jpeg.obj
         .\Debug\tif_luv.obj
         .\Debug\tif_lzw.obj
         .\Debug\tif_next.obj
         .\Debug\tif_ojpeg.obj
         .\Debug\tif_open.obj
         .\Debug\tif_packbits.obj
         .\Debug\tif_pixarlog.obj
         .\Debug\tif_predict.obj
         .\Debug\tif_print.obj
         .\Debug\tif_read.obj
         .\Debug\tif_strip.obj
         .\Debug\tif_swab.obj
         .\Debug\tif_thunder.obj
         .\Debug\tif_tile.obj
         .\Debug\tif_version.obj
         .\Debug\tif_warning.obj
         .\Debug\tif_write.obj
         .\Debug\tif_zip.obj
         tiff.vcxproj -> D:\Baijie\software\dev\UILib\ImageFactory\tiff\..\lib\Debug\tiff.lib
       FinalizeBuildStatus:
         正在删除文件“.\Debug\tiff.unsuccessfulbuild”。
         正在对“.\Debug\tiff.lastbuildstate”执行 Touch 任务。
     1>已完成生成项目“D:\Baijie\software\dev\UILib\ImageFactory\tiff\tiff.vcxproj”(build 个目标)的操作。

生成成功。

已用时间 00:00:00.43
