D:\Baijie\software\dev\UILib\ImageFactory\tiff\..\lib\Debug\tiff.lib
D:\Baijie\software\dev\UILib\ImageFactory\tiff\Debug\cl.command.1.tlog
D:\Baijie\software\dev\UILib\ImageFactory\tiff\Debug\CL.read.1.tlog
D:\Baijie\software\dev\UILib\ImageFactory\tiff\Debug\CL.write.1.tlog
D:\BAIJIE\SOFTWARE\DEV\UILIB\IMAGEFACTORY\TIFF\DEBUG\FAX3SM_WINNT.OBJ
D:\Baijie\software\dev\UILib\ImageFactory\tiff\Debug\lib.command.1.tlog
D:\Baijie\software\dev\UILib\ImageFactory\tiff\Debug\Lib-link.read.1.tlog
D:\Baijie\software\dev\UILib\ImageFactory\tiff\Debug\Lib-link.write.1.tlog
D:\BAIJIE\SOFTWARE\DEV\UILIB\IMAGEFACTORY\TIFF\DEBUG\TIF_AUX.OBJ
D:\BAIJIE\SOFTWARE\DEV\UILIB\IMAGEFACTORY\TIFF\DEBUG\TIF_CLOSE.OBJ
D:\BAIJIE\SOFTWARE\DEV\UILIB\IMAGEFACTORY\TIFF\DEBUG\TIF_CODEC.OBJ
D:\BAIJIE\SOFTWARE\DEV\UILIB\IMAGEFACTORY\TIFF\DEBUG\TIF_COMPRESS.OBJ
D:\BAIJIE\SOFTWARE\DEV\UILIB\IMAGEFACTORY\TIFF\DEBUG\TIF_DIR.OBJ
D:\BAIJIE\SOFTWARE\DEV\UILIB\IMAGEFACTORY\TIFF\DEBUG\TIF_DIRINFO.OBJ
D:\BAIJIE\SOFTWARE\DEV\UILIB\IMAGEFACTORY\TIFF\DEBUG\TIF_DIRREAD.OBJ
D:\BAIJIE\SOFTWARE\DEV\UILIB\IMAGEFACTORY\TIFF\DEBUG\TIF_DIRWRITE.OBJ
D:\BAIJIE\SOFTWARE\DEV\UILIB\IMAGEFACTORY\TIFF\DEBUG\TIF_DUMPMODE.OBJ
D:\BAIJIE\SOFTWARE\DEV\UILIB\IMAGEFACTORY\TIFF\DEBUG\TIF_ERROR.OBJ
D:\BAIJIE\SOFTWARE\DEV\UILIB\IMAGEFACTORY\TIFF\DEBUG\TIF_FAX3.OBJ
D:\BAIJIE\SOFTWARE\DEV\UILIB\IMAGEFACTORY\TIFF\DEBUG\TIF_FLUSH.OBJ
D:\BAIJIE\SOFTWARE\DEV\UILIB\IMAGEFACTORY\TIFF\DEBUG\TIF_GETIMAGE.OBJ
D:\BAIJIE\SOFTWARE\DEV\UILIB\IMAGEFACTORY\TIFF\DEBUG\TIF_JPEG.OBJ
D:\BAIJIE\SOFTWARE\DEV\UILIB\IMAGEFACTORY\TIFF\DEBUG\TIF_LUV.OBJ
D:\BAIJIE\SOFTWARE\DEV\UILIB\IMAGEFACTORY\TIFF\DEBUG\TIF_LZW.OBJ
D:\BAIJIE\SOFTWARE\DEV\UILIB\IMAGEFACTORY\TIFF\DEBUG\TIF_NEXT.OBJ
D:\BAIJIE\SOFTWARE\DEV\UILIB\IMAGEFACTORY\TIFF\DEBUG\TIF_OJPEG.OBJ
D:\BAIJIE\SOFTWARE\DEV\UILIB\IMAGEFACTORY\TIFF\DEBUG\TIF_OPEN.OBJ
D:\BAIJIE\SOFTWARE\DEV\UILIB\IMAGEFACTORY\TIFF\DEBUG\TIF_PACKBITS.OBJ
D:\BAIJIE\SOFTWARE\DEV\UILIB\IMAGEFACTORY\TIFF\DEBUG\TIF_PIXARLOG.OBJ
D:\BAIJIE\SOFTWARE\DEV\UILIB\IMAGEFACTORY\TIFF\DEBUG\TIF_PREDICT.OBJ
D:\BAIJIE\SOFTWARE\DEV\UILIB\IMAGEFACTORY\TIFF\DEBUG\TIF_PRINT.OBJ
D:\BAIJIE\SOFTWARE\DEV\UILIB\IMAGEFACTORY\TIFF\DEBUG\TIF_READ.OBJ
D:\BAIJIE\SOFTWARE\DEV\UILIB\IMAGEFACTORY\TIFF\DEBUG\TIF_STRIP.OBJ
D:\BAIJIE\SOFTWARE\DEV\UILIB\IMAGEFACTORY\TIFF\DEBUG\TIF_SWAB.OBJ
D:\BAIJIE\SOFTWARE\DEV\UILIB\IMAGEFACTORY\TIFF\DEBUG\TIF_THUNDER.OBJ
D:\BAIJIE\SOFTWARE\DEV\UILIB\IMAGEFACTORY\TIFF\DEBUG\TIF_TILE.OBJ
D:\BAIJIE\SOFTWARE\DEV\UILIB\IMAGEFACTORY\TIFF\DEBUG\TIF_VERSION.OBJ
D:\BAIJIE\SOFTWARE\DEV\UILIB\IMAGEFACTORY\TIFF\DEBUG\TIF_WARNING.OBJ
D:\BAIJIE\SOFTWARE\DEV\UILIB\IMAGEFACTORY\TIFF\DEBUG\TIF_WRITE.OBJ
D:\BAIJIE\SOFTWARE\DEV\UILIB\IMAGEFACTORY\TIFF\DEBUG\TIF_ZIP.OBJ
D:\BAIJIE\SOFTWARE\DEV\UILIB\IMAGEFACTORY\TIFF\DEBUG\TIFF.LIB
D:\Baijie\software\dev\UILib\ImageFactory\tiff\Debug\vc100.idb
D:\BAIJIE\SOFTWARE\DEV\UILIB\IMAGEFACTORY\TIFF\DEBUG\VC100.PDB
