生成启动时间为 2013/10/24 8:50:42。
     1>项目“D:\Baijie\software\dev\UILib\ImageFactory\mng\mng.vcxproj”在节点 2 上(build 个目标)。
     1>InitializeBuildStatus:
         正在创建“.\Release\mng.unsuccessfulbuild”，因为已指定“AlwaysCreate”。
       ClCompile:
         C:\Program Files\Microsoft Visual Studio 10.0\VC\bin\CL.exe /c /Zi /nologo /W3 /WX- /O2 /Ob1 /Oy- /D WIN32 /D NDEBUG /D _WINDOWS /D MNG_SUPPORT_DISPLAY /D MNG_SUPPORT_READ /D MNG_SUPPORT_WRITE /D MNG_ACCESS_CHUNKS /D MNG_STORE_CHUNKS /D _CRT_SECURE_NO_DEPRECATE /D MNG_ERROR_TELLTALE /D _VC80_UPGRADE=0x0600 /D _AFXDLL /GF /Gm- /EHsc /MD /GS /Gy /fp:precise /Zc:wchar_t /Zc:forScope /Fo".\Release\\" /Fd".\Release\vc100.pdb" /Gd /TC /analyze- /errorReport:prompt libmng_callback_xs.c libmng_chunk_descr.c libmng_chunk_io.c libmng_chunk_prc.c libmng_chunk_xs.c libmng_cms.c libmng_display.c libmng_dither.c libmng_error.c libmng_filter.c libmng_hlapi.c libmng_jpeg.c libmng_object_prc.c libmng_pixels.c libmng_prop_xs.c libmng_read.c libmng_trace.c libmng_write.c libmng_zlib.c
         libmng_callback_xs.c
         libmng_chunk_descr.c
         libmng_chunk_io.c
         libmng_chunk_prc.c
         libmng_chunk_xs.c
         libmng_cms.c
         libmng_display.c
         libmng_dither.c
         libmng_error.c
         libmng_filter.c
         libmng_hlapi.c
         libmng_jpeg.c
         libmng_object_prc.c
         libmng_pixels.c
         libmng_prop_xs.c
         libmng_read.c
         libmng_trace.c
         libmng_write.c
         libmng_zlib.c
         正在生成代码...
     1>C:\Program Files\MSBuild\Microsoft.Cpp\v4.0\Microsoft.CppBuild.targets(1151,5): warning MSB8012: TargetPath(D:\Baijie\software\dev\UILib\ImageFactory\mng\..\lib\Release\mng.lib) 与 Library 的 OutputFile 属性值(D:\Baijie\software\dev\UILib\ImageFactory\mng\Release\mng.lib)不匹配。这可能导致项目生成不正确。若要更正此问题，请确保 $(OutDir)、$(TargetName) 和 $(TargetExt) 属性值与 %(Lib.OutputFile) 中指定的值匹配。
       Lib:
         C:\Program Files\Microsoft Visual Studio 10.0\VC\bin\Lib.exe /OUT:".\Release\mng.lib" /NOLOGO .\Release\libmng_callback_xs.obj
         .\Release\libmng_chunk_descr.obj
         .\Release\libmng_chunk_io.obj
         .\Release\libmng_chunk_prc.obj
         .\Release\libmng_chunk_xs.obj
         .\Release\libmng_cms.obj
         .\Release\libmng_display.obj
         .\Release\libmng_dither.obj
         .\Release\libmng_error.obj
         .\Release\libmng_filter.obj
         .\Release\libmng_hlapi.obj
         .\Release\libmng_jpeg.obj
         .\Release\libmng_object_prc.obj
         .\Release\libmng_pixels.obj
         .\Release\libmng_prop_xs.obj
         .\Release\libmng_read.obj
         .\Release\libmng_trace.obj
         .\Release\libmng_write.obj
         .\Release\libmng_zlib.obj
         mng.vcxproj -> D:\Baijie\software\dev\UILib\ImageFactory\mng\..\lib\Release\mng.lib
       FinalizeBuildStatus:
         正在删除文件“.\Release\mng.unsuccessfulbuild”。
         正在对“.\Release\mng.lastbuildstate”执行 Touch 任务。
     1>已完成生成项目“D:\Baijie\software\dev\UILib\ImageFactory\mng\mng.vcxproj”(build 个目标)的操作。

生成成功。

已用时间 00:00:05.32
