生成启动时间为 2013/10/24 8:50:09。
     1>项目“D:\Baijie\software\dev\UILib\ImageFactory\tiff\tiff.vcxproj”在节点 2 上(build 个目标)。
     1>InitializeBuildStatus:
         正在创建“.\Release\tiff.unsuccessfulbuild”，因为已指定“AlwaysCreate”。
       ClCompile:
         C:\Program Files\Microsoft Visual Studio 10.0\VC\bin\CL.exe /c /I..\zlib /Zi /nologo /W3 /WX- /O1 /Ob1 /Oy- /D WIN32 /D NDEBUG /D _LIB /D _CRT_SECURE_NO_DEPRECATE /D _VC80_UPGRADE=0x0600 /D _AFXDLL /GF /Gm- /EHsc /MD /GS /Gy /fp:precise /Zc:wchar_t /Zc:forScope /Fo".\Release\\" /Fd".\Release\vc100.pdb" /Gd /TC /analyze- /errorReport:prompt fax3sm_winnt.c tif_aux.c tif_close.c tif_codec.c tif_compress.c tif_dir.c tif_dirinfo.c tif_dirread.c tif_dirwrite.c tif_dumpmode.c tif_error.c tif_fax3.c tif_flush.c tif_getimage.c tif_jpeg.c tif_luv.c tif_lzw.c tif_next.c tif_ojpeg.c tif_open.c tif_packbits.c tif_pixarlog.c tif_predict.c tif_print.c tif_read.c tif_strip.c tif_swab.c tif_thunder.c tif_tile.c tif_version.c tif_warning.c tif_write.c tif_zip.c
         fax3sm_winnt.c
         tif_aux.c
         tif_close.c
         tif_codec.c
         tif_compress.c
         tif_dir.c
         tif_dirinfo.c
         tif_dirread.c
         tif_dirwrite.c
         tif_dumpmode.c
         tif_error.c
         tif_fax3.c
         tif_flush.c
         tif_getimage.c
         tif_jpeg.c
         tif_luv.c
         tif_lzw.c
         tif_next.c
         tif_ojpeg.c
         tif_open.c
         正在生成代码...
         正在编译...
         tif_packbits.c
         tif_pixarlog.c
         tif_predict.c
         tif_print.c
         tif_read.c
         tif_strip.c
         tif_swab.c
         tif_thunder.c
         tif_tile.c
         tif_version.c
         tif_warning.c
         tif_write.c
         tif_zip.c
         正在生成代码...
     1>C:\Program Files\MSBuild\Microsoft.Cpp\v4.0\Microsoft.CppBuild.targets(1151,5): warning MSB8012: TargetPath(D:\Baijie\software\dev\UILib\ImageFactory\tiff\..\lib\Release\tiff.lib) 与 Library 的 OutputFile 属性值(D:\Baijie\software\dev\UILib\ImageFactory\tiff\Release\tiff.lib)不匹配。这可能导致项目生成不正确。若要更正此问题，请确保 $(OutDir)、$(TargetName) 和 $(TargetExt) 属性值与 %(Lib.OutputFile) 中指定的值匹配。
       Lib:
         C:\Program Files\Microsoft Visual Studio 10.0\VC\bin\Lib.exe /OUT:".\Release\tiff.lib" /NOLOGO .\Release\fax3sm_winnt.obj
         .\Release\tif_aux.obj
         .\Release\tif_close.obj
         .\Release\tif_codec.obj
         .\Release\tif_compress.obj
         .\Release\tif_dir.obj
         .\Release\tif_dirinfo.obj
         .\Release\tif_dirread.obj
         .\Release\tif_dirwrite.obj
         .\Release\tif_dumpmode.obj
         .\Release\tif_error.obj
         .\Release\tif_fax3.obj
         .\Release\tif_flush.obj
         .\Release\tif_getimage.obj
         .\Release\tif_jpeg.obj
         .\Release\tif_luv.obj
         .\Release\tif_lzw.obj
         .\Release\tif_next.obj
         .\Release\tif_ojpeg.obj
         .\Release\tif_open.obj
         .\Release\tif_packbits.obj
         .\Release\tif_pixarlog.obj
         .\Release\tif_predict.obj
         .\Release\tif_print.obj
         .\Release\tif_read.obj
         .\Release\tif_strip.obj
         .\Release\tif_swab.obj
         .\Release\tif_thunder.obj
         .\Release\tif_tile.obj
         .\Release\tif_version.obj
         .\Release\tif_warning.obj
         .\Release\tif_write.obj
         .\Release\tif_zip.obj
         tiff.vcxproj -> D:\Baijie\software\dev\UILib\ImageFactory\tiff\..\lib\Release\tiff.lib
       FinalizeBuildStatus:
         正在删除文件“.\Release\tiff.unsuccessfulbuild”。
         正在对“.\Release\tiff.lastbuildstate”执行 Touch 任务。
     1>已完成生成项目“D:\Baijie\software\dev\UILib\ImageFactory\tiff\tiff.vcxproj”(build 个目标)的操作。

生成成功。

已用时间 00:00:14.19
