D:\BAIJIE\SOFTWARE\DEV\UILIB\SKIARENDER\RELEASE\PDF.LIB
D:\BAIJIE\SOFTWARE\DEV\UILIB\SKIARENDER\RELEASE\PDF.PDB
D:\Baijie\software\dev\UILib\SkiaRender\skia-lib\project\pdf\..\..\..\Release\pdf.lib
D:\Baijie\software\dev\UILib\SkiaRender\skia-lib\project\pdf\Release\cl.command.1.tlog
D:\Baijie\software\dev\UILib\SkiaRender\skia-lib\project\pdf\Release\CL.read.1.tlog
D:\Baijie\software\dev\UILib\SkiaRender\skia-lib\project\pdf\Release\CL.write.1.tlog
D:\Baijie\software\dev\UILib\SkiaRender\skia-lib\project\pdf\Release\lib.command.1.tlog
D:\Baijie\software\dev\UILib\SkiaRender\skia-lib\project\pdf\Release\Lib-link.read.1.tlog
D:\Baijie\software\dev\UILib\SkiaRender\skia-lib\project\pdf\Release\Lib-link.write.1.tlog
D:\BAIJIE\SOFTWARE\DEV\UILIB\SKIARENDER\SKIA-LIB\PROJECT\PDF\RELEASE\SKPDFCATALOG.OBJ
D:\BAIJIE\SOFTWARE\DEV\UILIB\SKIARENDER\SKIA-LIB\PROJECT\PDF\RELEASE\SKPDFDEVICE.OBJ
D:\BAIJIE\SOFTWARE\DEV\UILIB\SKIARENDER\SKIA-LIB\PROJECT\PDF\RELEASE\SKPDFDOCUMENT.OBJ
D:\BAIJIE\SOFTWARE\DEV\UILIB\SKIARENDER\SKIA-LIB\PROJECT\PDF\RELEASE\SKPDFFONT.OBJ
D:\BAIJIE\SOFTWARE\DEV\UILIB\SKIARENDER\SKIA-LIB\PROJECT\PDF\RELEASE\SKPDFFORMXOBJECT.OBJ
D:\BAIJIE\SOFTWARE\DEV\UILIB\SKIARENDER\SKIA-LIB\PROJECT\PDF\RELEASE\SKPDFGRAPHICSTATE.OBJ
D:\BAIJIE\SOFTWARE\DEV\UILIB\SKIARENDER\SKIA-LIB\PROJECT\PDF\RELEASE\SKPDFIMAGE.OBJ
D:\BAIJIE\SOFTWARE\DEV\UILIB\SKIARENDER\SKIA-LIB\PROJECT\PDF\RELEASE\SKPDFPAGE.OBJ
D:\BAIJIE\SOFTWARE\DEV\UILIB\SKIARENDER\SKIA-LIB\PROJECT\PDF\RELEASE\SKPDFSHADER.OBJ
D:\BAIJIE\SOFTWARE\DEV\UILIB\SKIARENDER\SKIA-LIB\PROJECT\PDF\RELEASE\SKPDFSTREAM.OBJ
D:\BAIJIE\SOFTWARE\DEV\UILIB\SKIARENDER\SKIA-LIB\PROJECT\PDF\RELEASE\SKPDFTYPES.OBJ
D:\BAIJIE\SOFTWARE\DEV\UILIB\SKIARENDER\SKIA-LIB\PROJECT\PDF\RELEASE\SKPDFUTILS.OBJ
D:\BAIJIE\SOFTWARE\DEV\UILIB\SKIARENDER\SKIA-LIB\PROJECT\RELEASE\PDF.PDB
